Started GET "/" for 127.0.0.1 at 2017-06-24 15:57:39 -0400
Processing by Rails::WelcomeController#index as HTML
  Parameters: {"internal"=>true}
  Rendering /Users/Paco_Sinbad/.rvm/gems/ruby-2.3.0/gems/railties-5.0.4/lib/rails/templates/rails/welcome/index.html.erb
  Rendered /Users/Paco_Sinbad/.rvm/gems/ruby-2.3.0/gems/railties-5.0.4/lib/rails/templates/rails/welcome/index.html.erb (3.7ms)
Completed 200 OK in 17ms (Views: 8.9ms | ActiveRecord: 0.0ms)


Started GET "/pages" for 127.0.0.1 at 2017-06-24 15:57:43 -0400
  
ActionController::RoutingError (No route matches [GET] "/pages"):
  
actionpack (5.0.4) lib/action_dispatch/middleware/debug_exceptions.rb:53:in `call'
web-console (3.5.1) lib/web_console/middleware.rb:135:in `call_app'
web-console (3.5.1) lib/web_console/middleware.rb:28:in `block in call'
web-console (3.5.1) lib/web_console/middleware.rb:18:in `catch'
web-console (3.5.1) lib/web_console/middleware.rb:18:in `call'
actionpack (5.0.4) lib/action_dispatch/middleware/show_exceptions.rb:31:in `call'
railties (5.0.4) lib/rails/rack/logger.rb:36:in `call_app'
railties (5.0.4) lib/rails/rack/logger.rb:24:in `block in call'
activesupport (5.0.4) lib/active_support/tagged_logging.rb:69:in `block in tagged'
activesupport (5.0.4) lib/active_support/tagged_logging.rb:26:in `tagged'
activesupport (5.0.4) lib/active_support/tagged_logging.rb:69:in `tagged'
railties (5.0.4) lib/rails/rack/logger.rb:24:in `call'
sprockets-rails (3.2.0) lib/sprockets/rails/quiet_assets.rb:13:in `call'
actionpack (5.0.4) lib/action_dispatch/middleware/request_id.rb:24:in `call'
rack (2.0.3) lib/rack/method_override.rb:22:in `call'
rack (2.0.3) lib/rack/runtime.rb:22:in `call'
activesupport (5.0.4) lib/active_support/cache/strategy/local_cache_middleware.rb:28:in `call'
actionpack (5.0.4) lib/action_dispatch/middleware/executor.rb:12:in `call'
actionpack (5.0.4) lib/action_dispatch/middleware/static.rb:136:in `call'
rack (2.0.3) lib/rack/sendfile.rb:111:in `call'
railties (5.0.4) lib/rails/engine.rb:522:in `call'
puma (3.9.1) lib/puma/configuration.rb:224:in `call'
puma (3.9.1) lib/puma/server.rb:602:in `handle_request'
puma (3.9.1) lib/puma/server.rb:435:in `process_client'
puma (3.9.1) lib/puma/server.rb:299:in `block in run'
puma (3.9.1) lib/puma/thread_pool.rb:120:in `block in spawn_thread'
  Rendering /Users/Paco_Sinbad/.rvm/gems/ruby-2.3.0/gems/actionpack-5.0.4/lib/action_dispatch/middleware/templates/rescues/routing_error.html.erb within rescues/layout
  Rendering /Users/Paco_Sinbad/.rvm/gems/ruby-2.3.0/gems/actionpack-5.0.4/lib/action_dispatch/middleware/templates/rescues/_trace.html.erb
  Rendered /Users/Paco_Sinbad/.rvm/gems/ruby-2.3.0/gems/actionpack-5.0.4/lib/action_dispatch/middleware/templates/rescues/_trace.html.erb (1.0ms)
  Rendered collection of /Users/Paco_Sinbad/.rvm/gems/ruby-2.3.0/gems/actionpack-5.0.4/lib/action_dispatch/middleware/templates/routes/_route.html.erb [2 times] (9.9ms)
  Rendered /Users/Paco_Sinbad/.rvm/gems/ruby-2.3.0/gems/actionpack-5.0.4/lib/action_dispatch/middleware/templates/routes/_table.html.erb (7.9ms)
  Rendering /Users/Paco_Sinbad/.rvm/gems/ruby-2.3.0/gems/actionpack-5.0.4/lib/action_dispatch/middleware/templates/rescues/_request_and_response.html.erb
  Rendered /Users/Paco_Sinbad/.rvm/gems/ruby-2.3.0/gems/actionpack-5.0.4/lib/action_dispatch/middleware/templates/rescues/_request_and_response.html.erb (0.8ms)
  Rendered /Users/Paco_Sinbad/.rvm/gems/ruby-2.3.0/gems/actionpack-5.0.4/lib/action_dispatch/middleware/templates/rescues/routing_error.html.erb within rescues/layout (88.9ms)
Started GET "/pages/home" for 127.0.0.1 at 2017-06-24 15:57:46 -0400
Processing by PagesController#home as HTML
  Rendering pages/home.html.erb within layouts/application
  Rendered pages/home.html.erb within layouts/application (0.4ms)
Completed 200 OK in 284ms (Views: 282.8ms | ActiveRecord: 0.0ms)


Started GET "/pages/about" for 127.0.0.1 at 2017-06-24 15:57:51 -0400
Processing by PagesController#about as HTML
  Rendering pages/about.html.erb within layouts/application
  Rendered pages/about.html.erb within layouts/application (0.5ms)
Completed 200 OK in 17ms (Views: 14.5ms | ActiveRecord: 0.0ms)


Started GET "/pages/home" for 127.0.0.1 at 2017-06-24 15:57:57 -0400
Processing by PagesController#home as HTML
  Rendering pages/home.html.erb within layouts/application
  Rendered pages/home.html.erb within layouts/application (0.4ms)
Completed 200 OK in 15ms (Views: 13.7ms | ActiveRecord: 0.0ms)


  [1m[35m (0.8ms)[0m  [1m[35mCREATE TABLE "schema_migrations" ("version" varchar NOT NULL PRIMARY KEY)[0m
  [1m[35m (0.6ms)[0m  [1m[35mCREATE TABLE "ar_internal_metadata" ("key" varchar NOT NULL PRIMARY KEY, "value" varchar, "created_at" datetime NOT NULL, "updated_at" datetime NOT NULL)[0m
  [1m[36mActiveRecord::SchemaMigration Load (0.1ms)[0m  [1m[34mSELECT "schema_migrations".* FROM "schema_migrations"[0m
Migrating to CreateArticles (20170624214227)
  [1m[35m (0.0ms)[0m  [1m[36mbegin transaction[0m
  [1m[35m (0.2ms)[0m  [1m[35mCREATE TABLE "articles" ("id" INTEGER PRIMARY KEY AUTOINCREMENT NOT NULL, "title" varchar)[0m
  [1m[35mSQL (0.1ms)[0m  [1m[32mINSERT INTO "schema_migrations" ("version") VALUES (?)[0m  [["version", "20170624214227"]]
  [1m[35m (0.5ms)[0m  [1m[36mcommit transaction[0m
  [1m[36mActiveRecord::InternalMetadata Load (0.1ms)[0m  [1m[34mSELECT  "ar_internal_metadata".* FROM "ar_internal_metadata" WHERE "ar_internal_metadata"."key" = ? LIMIT ?[0m  [["key", "environment"], ["LIMIT", 1]]
  [1m[35m (0.0ms)[0m  [1m[36mbegin transaction[0m
  [1m[35mSQL (0.2ms)[0m  [1m[32mINSERT INTO "ar_internal_metadata" ("key", "value", "created_at", "updated_at") VALUES (?, ?, ?, ?)[0m  [["key", "environment"], ["value", "development"], ["created_at", "2017-06-24 21:43:43.120233"], ["updated_at", "2017-06-24 21:43:43.120233"]]
  [1m[35m (0.5ms)[0m  [1m[36mcommit transaction[0m
  [1m[36mActiveRecord::SchemaMigration Load (0.1ms)[0m  [1m[34mSELECT "schema_migrations".* FROM "schema_migrations"[0m
  [1m[36mActiveRecord::SchemaMigration Load (0.1ms)[0m  [1m[34mSELECT "schema_migrations".* FROM "schema_migrations"[0m
  [1m[36mActiveRecord::SchemaMigration Load (0.0ms)[0m  [1m[34mSELECT "schema_migrations".* FROM "schema_migrations"[0m
Migrating to CreateArticles (20170624214227)
  [1m[35m (0.0ms)[0m  [1m[36mbegin transaction[0m
  [1m[35m (0.7ms)[0m  [1m[35mDROP TABLE "articles"[0m
  [1m[35mSQL (0.1ms)[0m  [1m[31mDELETE FROM "schema_migrations" WHERE "schema_migrations"."version" = ?[0m  [["version", "20170624214227"]]
  [1m[35m (0.6ms)[0m  [1m[36mcommit transaction[0m
  [1m[36mActiveRecord::SchemaMigration Load (0.1ms)[0m  [1m[34mSELECT "schema_migrations".* FROM "schema_migrations"[0m
  [1m[36mActiveRecord::SchemaMigration Load (0.1ms)[0m  [1m[34mSELECT "schema_migrations".* FROM "schema_migrations"[0m
Migrating to CreateArticles (20170624214227)
  [1m[35m (0.0ms)[0m  [1m[36mbegin transaction[0m
  [1m[35m (0.5ms)[0m  [1m[35mCREATE TABLE "articles" ("id" INTEGER PRIMARY KEY AUTOINCREMENT NOT NULL, "title" varchar, "description" text)[0m
  [1m[35mSQL (0.1ms)[0m  [1m[32mINSERT INTO "schema_migrations" ("version") VALUES (?)[0m  [["version", "20170624214227"]]
  [1m[35m (0.7ms)[0m  [1m[36mcommit transaction[0m
  [1m[36mActiveRecord::InternalMetadata Load (0.1ms)[0m  [1m[34mSELECT  "ar_internal_metadata".* FROM "ar_internal_metadata" WHERE "ar_internal_metadata"."key" = ? LIMIT ?[0m  [["key", "environment"], ["LIMIT", 1]]
  [1m[35m (0.0ms)[0m  [1m[36mbegin transaction[0m
  [1m[35m (0.0ms)[0m  [1m[36mcommit transaction[0m
  [1m[36mActiveRecord::SchemaMigration Load (0.1ms)[0m  [1m[34mSELECT "schema_migrations".* FROM "schema_migrations"[0m
  [1m[36mActiveRecord::SchemaMigration Load (0.1ms)[0m  [1m[34mSELECT "schema_migrations".* FROM "schema_migrations"[0m
  [1m[36mActiveRecord::SchemaMigration Load (0.0ms)[0m  [1m[34mSELECT "schema_migrations".* FROM "schema_migrations"[0m
Migrating to CreateArticles (20170624214227)
  [1m[35m (0.0ms)[0m  [1m[36mbegin transaction[0m
  [1m[35m (0.4ms)[0m  [1m[35mDROP TABLE "articles"[0m
  [1m[35mSQL (0.1ms)[0m  [1m[31mDELETE FROM "schema_migrations" WHERE "schema_migrations"."version" = ?[0m  [["version", "20170624214227"]]
  [1m[35m (1.2ms)[0m  [1m[36mcommit transaction[0m
  [1m[36mActiveRecord::SchemaMigration Load (0.1ms)[0m  [1m[34mSELECT "schema_migrations".* FROM "schema_migrations"[0m
  [1m[36mActiveRecord::SchemaMigration Load (0.1ms)[0m  [1m[34mSELECT "schema_migrations".* FROM "schema_migrations"[0m
Migrating to CreateArticles (20170624214227)
  [1m[35m (0.0ms)[0m  [1m[36mbegin transaction[0m
  [1m[35m (0.4ms)[0m  [1m[35mCREATE TABLE "articles" ("id" INTEGER PRIMARY KEY AUTOINCREMENT NOT NULL, "title" varchar)[0m
  [1m[35mSQL (0.1ms)[0m  [1m[32mINSERT INTO "schema_migrations" ("version") VALUES (?)[0m  [["version", "20170624214227"]]
  [1m[35m (1.3ms)[0m  [1m[36mcommit transaction[0m
  [1m[36mActiveRecord::InternalMetadata Load (0.1ms)[0m  [1m[34mSELECT  "ar_internal_metadata".* FROM "ar_internal_metadata" WHERE "ar_internal_metadata"."key" = ? LIMIT ?[0m  [["key", "environment"], ["LIMIT", 1]]
  [1m[35m (0.0ms)[0m  [1m[36mbegin transaction[0m
  [1m[35m (0.0ms)[0m  [1m[36mcommit transaction[0m
  [1m[36mActiveRecord::SchemaMigration Load (0.1ms)[0m  [1m[34mSELECT "schema_migrations".* FROM "schema_migrations"[0m
  [1m[36mActiveRecord::SchemaMigration Load (0.1ms)[0m  [1m[34mSELECT "schema_migrations".* FROM "schema_migrations"[0m
  [1m[36mActiveRecord::InternalMetadata Load (0.1ms)[0m  [1m[34mSELECT  "ar_internal_metadata".* FROM "ar_internal_metadata" WHERE "ar_internal_metadata"."key" = ? LIMIT ?[0m  [["key", "environment"], ["LIMIT", 1]]
  [1m[35m (0.1ms)[0m  [1m[36mbegin transaction[0m
  [1m[35m (0.1ms)[0m  [1m[36mcommit transaction[0m
  [1m[36mActiveRecord::SchemaMigration Load (0.1ms)[0m  [1m[34mSELECT "schema_migrations".* FROM "schema_migrations"[0m
  [1m[36mActiveRecord::SchemaMigration Load (0.1ms)[0m  [1m[34mSELECT "schema_migrations".* FROM "schema_migrations"[0m
Migrating to AddDescriptionToArticles (20170624214635)
  [1m[35m (0.0ms)[0m  [1m[36mbegin transaction[0m
  [1m[35m (1.2ms)[0m  [1m[35mALTER TABLE "articles" ADD "description" text[0m
  [1m[35m (0.1ms)[0m  [1m[35mALTER TABLE "articles" ADD "created_at" datetime[0m
  [1m[35m (0.1ms)[0m  [1m[35mALTER TABLE "articles" ADD "updated_at" datetime[0m
  [1m[35mSQL (0.1ms)[0m  [1m[32mINSERT INTO "schema_migrations" ("version") VALUES (?)[0m  [["version", "20170624214635"]]
  [1m[35m (0.5ms)[0m  [1m[36mcommit transaction[0m
  [1m[36mActiveRecord::InternalMetadata Load (0.1ms)[0m  [1m[34mSELECT  "ar_internal_metadata".* FROM "ar_internal_metadata" WHERE "ar_internal_metadata"."key" = ? LIMIT ?[0m  [["key", "environment"], ["LIMIT", 1]]
  [1m[35m (0.0ms)[0m  [1m[36mbegin transaction[0m
  [1m[35m (0.0ms)[0m  [1m[36mcommit transaction[0m
  [1m[36mActiveRecord::SchemaMigration Load (0.1ms)[0m  [1m[34mSELECT "schema_migrations".* FROM "schema_migrations"[0m
  [1m[36mArticle Load (1.6ms)[0m  [1m[34mSELECT "articles".* FROM "articles"[0m
  [1m[36mArticle Load (0.1ms)[0m  [1m[34mSELECT "articles".* FROM "articles"[0m
  [1m[35m (0.1ms)[0m  [1m[36mbegin transaction[0m
  [1m[35mSQL (0.5ms)[0m  [1m[32mINSERT INTO "articles" ("title", "description", "created_at", "updated_at") VALUES (?, ?, ?, ?)[0m  [["title", "This is my first article"], ["description", "This is a great description, isn't it folks?"], ["created_at", "2017-06-24 21:53:08.723592"], ["updated_at", "2017-06-24 21:53:08.723592"]]
  [1m[35m (1.1ms)[0m  [1m[36mcommit transaction[0m
  [1m[36mArticle Load (0.1ms)[0m  [1m[34mSELECT "articles".* FROM "articles"[0m
  [1m[35m (0.1ms)[0m  [1m[36mbegin transaction[0m
  [1m[35mSQL (0.4ms)[0m  [1m[32mINSERT INTO "articles" ("title", "description", "created_at", "updated_at") VALUES (?, ?, ?, ?)[0m  [["title", "This is my second article"], ["description", "This is even better."], ["created_at", "2017-06-24 21:54:09.705136"], ["updated_at", "2017-06-24 21:54:09.705136"]]
  [1m[35m (0.6ms)[0m  [1m[36mcommit transaction[0m
  [1m[36mArticle Load (0.1ms)[0m  [1m[34mSELECT "articles".* FROM "articles"[0m
  [1m[35m (0.1ms)[0m  [1m[36mbegin transaction[0m
  [1m[35mSQL (0.3ms)[0m  [1m[32mINSERT INTO "articles" ("title", "description", "created_at", "updated_at") VALUES (?, ?, ?, ?)[0m  [["title", "This is the even better third one."], ["description", "SAD!"], ["created_at", "2017-06-24 21:55:42.208694"], ["updated_at", "2017-06-24 21:55:42.208694"]]
  [1m[35m (1.2ms)[0m  [1m[36mcommit transaction[0m
  [1m[36mArticle Load (2.0ms)[0m  [1m[34mSELECT "articles".* FROM "articles"[0m
  [1m[36mArticle Load (0.2ms)[0m  [1m[34mSELECT  "articles".* FROM "articles" WHERE "articles"."id" = ? LIMIT ?[0m  [["id", 2], ["LIMIT", 1]]
  [1m[36mArticle Load (0.1ms)[0m  [1m[34mSELECT "articles".* FROM "articles"[0m
  [1m[35m (0.1ms)[0m  [1m[36mbegin transaction[0m
  [1m[35mSQL (1.3ms)[0m  [1m[33mUPDATE "articles" SET "title" = ?, "updated_at" = ? WHERE "articles"."id" = ?[0m  [["title", "This is an edited title"], ["updated_at", "2017-06-25 01:01:48.219281"], ["id", 2]]
  [1m[35m (0.7ms)[0m  [1m[36mcommit transaction[0m
  [1m[36mArticle Load (0.1ms)[0m  [1m[34mSELECT "articles".* FROM "articles"[0m
  [1m[36mArticle Load (0.1ms)[0m  [1m[34mSELECT  "articles".* FROM "articles" WHERE "articles"."id" = ? LIMIT ?[0m  [["id", 3], ["LIMIT", 1]]
  [1m[35m (0.1ms)[0m  [1m[36mbegin transaction[0m
  [1m[35mSQL (1.1ms)[0m  [1m[31mDELETE FROM "articles" WHERE "articles"."id" = ?[0m  [["id", 3]]
  [1m[35m (0.6ms)[0m  [1m[36mcommit transaction[0m
  [1m[36mArticle Load (0.2ms)[0m  [1m[34mSELECT "articles".* FROM "articles"[0m
Started GET "/articles" for 127.0.0.1 at 2017-06-24 21:26:27 -0400
  [1m[36mActiveRecord::SchemaMigration Load (0.2ms)[0m  [1m[34mSELECT "schema_migrations".* FROM "schema_migrations"[0m
  
AbstractController::ActionNotFound (The action 'index' could not be found for ArticlesController):
  
actionpack (5.0.4) lib/abstract_controller/base.rb:121:in `process'
actionview (5.0.4) lib/action_view/rendering.rb:30:in `process'
actionpack (5.0.4) lib/action_controller/metal.rb:190:in `dispatch'
actionpack (5.0.4) lib/action_controller/metal.rb:262:in `dispatch'
actionpack (5.0.4) lib/action_dispatch/routing/route_set.rb:50:in `dispatch'
actionpack (5.0.4) lib/action_dispatch/routing/route_set.rb:32:in `serve'
actionpack (5.0.4) lib/action_dispatch/journey/router.rb:39:in `block in serve'
actionpack (5.0.4) lib/action_dispatch/journey/router.rb:26:in `each'
actionpack (5.0.4) lib/action_dispatch/journey/router.rb:26:in `serve'
actionpack (5.0.4) lib/action_dispatch/routing/route_set.rb:725:in `call'
rack (2.0.3) lib/rack/etag.rb:25:in `call'
rack (2.0.3) lib/rack/conditional_get.rb:25:in `call'
rack (2.0.3) lib/rack/head.rb:12:in `call'
rack (2.0.3) lib/rack/session/abstract/id.rb:232:in `context'
rack (2.0.3) lib/rack/session/abstract/id.rb:226:in `call'
actionpack (5.0.4) lib/action_dispatch/middleware/cookies.rb:613:in `call'
activerecord (5.0.4) lib/active_record/migration.rb:553:in `call'
actionpack (5.0.4) lib/action_dispatch/middleware/callbacks.rb:38:in `block in call'
activesupport (5.0.4) lib/active_support/callbacks.rb:97:in `__run_callbacks__'
activesupport (5.0.4) lib/active_support/callbacks.rb:750:in `_run_call_callbacks'
activesupport (5.0.4) lib/active_support/callbacks.rb:90:in `run_callbacks'
actionpack (5.0.4) lib/action_dispatch/middleware/callbacks.rb:36:in `call'
actionpack (5.0.4) lib/action_dispatch/middleware/executor.rb:12:in `call'
actionpack (5.0.4) lib/action_dispatch/middleware/remote_ip.rb:79:in `call'
actionpack (5.0.4) lib/action_dispatch/middleware/debug_exceptions.rb:49:in `call'
web-console (3.5.1) lib/web_console/middleware.rb:135:in `call_app'
web-console (3.5.1) lib/web_console/middleware.rb:28:in `block in call'
web-console (3.5.1) lib/web_console/middleware.rb:18:in `catch'
web-console (3.5.1) lib/web_console/middleware.rb:18:in `call'
actionpack (5.0.4) lib/action_dispatch/middleware/show_exceptions.rb:31:in `call'
railties (5.0.4) lib/rails/rack/logger.rb:36:in `call_app'
railties (5.0.4) lib/rails/rack/logger.rb:24:in `block in call'
activesupport (5.0.4) lib/active_support/tagged_logging.rb:69:in `block in tagged'
activesupport (5.0.4) lib/active_support/tagged_logging.rb:26:in `tagged'
activesupport (5.0.4) lib/active_support/tagged_logging.rb:69:in `tagged'
railties (5.0.4) lib/rails/rack/logger.rb:24:in `call'
sprockets-rails (3.2.0) lib/sprockets/rails/quiet_assets.rb:13:in `call'
actionpack (5.0.4) lib/action_dispatch/middleware/request_id.rb:24:in `call'
rack (2.0.3) lib/rack/method_override.rb:22:in `call'
rack (2.0.3) lib/rack/runtime.rb:22:in `call'
activesupport (5.0.4) lib/active_support/cache/strategy/local_cache_middleware.rb:28:in `call'
actionpack (5.0.4) lib/action_dispatch/middleware/executor.rb:12:in `call'
actionpack (5.0.4) lib/action_dispatch/middleware/static.rb:136:in `call'
rack (2.0.3) lib/rack/sendfile.rb:111:in `call'
railties (5.0.4) lib/rails/engine.rb:522:in `call'
puma (3.9.1) lib/puma/configuration.rb:224:in `call'
puma (3.9.1) lib/puma/server.rb:602:in `handle_request'
puma (3.9.1) lib/puma/server.rb:435:in `process_client'
puma (3.9.1) lib/puma/server.rb:299:in `block in run'
puma (3.9.1) lib/puma/thread_pool.rb:120:in `block in spawn_thread'
  Rendering /Users/Paco_Sinbad/.rvm/gems/ruby-2.3.0/gems/actionpack-5.0.4/lib/action_dispatch/middleware/templates/rescues/unknown_action.html.erb within rescues/layout
  Rendered /Users/Paco_Sinbad/.rvm/gems/ruby-2.3.0/gems/actionpack-5.0.4/lib/action_dispatch/middleware/templates/rescues/unknown_action.html.erb within rescues/layout (4.6ms)
Started GET "/articles/new" for 127.0.0.1 at 2017-06-24 21:26:31 -0400
Processing by ArticlesController#new as HTML
  Rendering articles/new.html.erb within layouts/application
  Rendered articles/new.html.erb within layouts/application (23.8ms)
Completed 200 OK in 204ms (Views: 189.7ms | ActiveRecord: 0.9ms)


Started POST "/articles" for 127.0.0.1 at 2017-06-24 21:26:37 -0400
Processing by ArticlesController#create as HTML
  Parameters: {"utf8"=>"✓", "authenticity_token"=>"fKpbA/Up+Gm5qi2MZjgni8he9cZsgfcetz7VhDsc5sI40M481QdAAKjQGlYi2f3RVMoa9RSTmEBlVN5lrFxRsA==", "article"=>{"title"=>"potato", "description"=>"cake and cakes"}, "commit"=>"Create Article"}
  [1m[35m (0.1ms)[0m  [1m[36mbegin transaction[0m
  [1m[35mSQL (0.3ms)[0m  [1m[32mINSERT INTO "articles" ("title", "description", "created_at", "updated_at") VALUES (?, ?, ?, ?)[0m  [["title", "potato"], ["description", "cake and cakes"], ["created_at", "2017-06-25 01:26:37.900141"], ["updated_at", "2017-06-25 01:26:37.900141"]]
  [1m[35m (0.6ms)[0m  [1m[36mcommit transaction[0m
No template found for ArticlesController#create, rendering head :no_content
Completed 204 No Content in 36ms (ActiveRecord: 1.0ms)


Started GET "/articles/new" for 127.0.0.1 at 2017-06-24 21:28:49 -0400
Started GET "/articles/new" for 127.0.0.1 at 2017-06-24 21:28:59 -0400
Processing by ArticlesController#new as HTML
  Rendering articles/new.html.erb within layouts/application
  Rendered articles/new.html.erb within layouts/application (1.8ms)
Completed 200 OK in 20ms (Views: 14.1ms | ActiveRecord: 0.5ms)


Processing by ArticlesController#new as HTML
  Rendering articles/new.html.erb within layouts/application
  Rendered articles/new.html.erb within layouts/application (1.8ms)
Completed 200 OK in 23ms (Views: 15.3ms | ActiveRecord: 0.6ms)


Started POST "/articles" for 127.0.0.1 at 2017-06-24 21:29:11 -0400
Processing by ArticlesController#create as HTML
  Parameters: {"utf8"=>"✓", "authenticity_token"=>"CUiUB9kr6ddjtGj9OwxfKLOYArzcCM3I+P3Ag5lAtghNMgE4+QVRvnLOXyd/7YVyLwztj6QaopYql8tiDgABeg==", "article"=>{"title"=>"My gups is good", "description"=>"How many fishes do you wish?"}, "commit"=>"Create Article"}
  [1m[35m (0.1ms)[0m  [1m[36mbegin transaction[0m
  [1m[35mSQL (0.3ms)[0m  [1m[32mINSERT INTO "articles" ("title", "description", "created_at", "updated_at") VALUES (?, ?, ?, ?)[0m  [["title", "My gups is good"], ["description", "How many fishes do you wish?"], ["created_at", "2017-06-25 01:29:11.157330"], ["updated_at", "2017-06-25 01:29:11.157330"]]
  [1m[35m (0.6ms)[0m  [1m[36mcommit transaction[0m
Completed 500 Internal Server Error in 65ms (ActiveRecord: 1.0ms)


  
NoMethodError (undefined method `articles_show' for #<ArticlesController:0x007fa7ab864bb0>
Did you mean?  articles_path
               articles_url):
  
app/controllers/articles_controller.rb:11:in `create'
  Rendering /Users/Paco_Sinbad/.rvm/gems/ruby-2.3.0/gems/actionpack-5.0.4/lib/action_dispatch/middleware/templates/rescues/diagnostics.html.erb within rescues/layout
  Rendering /Users/Paco_Sinbad/.rvm/gems/ruby-2.3.0/gems/actionpack-5.0.4/lib/action_dispatch/middleware/templates/rescues/_source.html.erb
  Rendered /Users/Paco_Sinbad/.rvm/gems/ruby-2.3.0/gems/actionpack-5.0.4/lib/action_dispatch/middleware/templates/rescues/_source.html.erb (2.7ms)
  Rendering /Users/Paco_Sinbad/.rvm/gems/ruby-2.3.0/gems/actionpack-5.0.4/lib/action_dispatch/middleware/templates/rescues/_trace.html.erb
  Rendered /Users/Paco_Sinbad/.rvm/gems/ruby-2.3.0/gems/actionpack-5.0.4/lib/action_dispatch/middleware/templates/rescues/_trace.html.erb (1.7ms)
  Rendering /Users/Paco_Sinbad/.rvm/gems/ruby-2.3.0/gems/actionpack-5.0.4/lib/action_dispatch/middleware/templates/rescues/_request_and_response.html.erb
  Rendered /Users/Paco_Sinbad/.rvm/gems/ruby-2.3.0/gems/actionpack-5.0.4/lib/action_dispatch/middleware/templates/rescues/_request_and_response.html.erb (1.1ms)
  Rendered /Users/Paco_Sinbad/.rvm/gems/ruby-2.3.0/gems/actionpack-5.0.4/lib/action_dispatch/middleware/templates/rescues/diagnostics.html.erb within rescues/layout (90.4ms)
Started GET "/articles/new" for 127.0.0.1 at 2017-06-24 22:04:57 -0400
  [1m[36mActiveRecord::SchemaMigration Load (0.4ms)[0m  [1m[34mSELECT "schema_migrations".* FROM "schema_migrations"[0m
  
SyntaxError (/Users/Paco_Sinbad/code/rails_projects/alpha_blog/app/controllers/articles_controller.rb:25: syntax error, unexpected end-of-input, expecting keyword_end):
  
app/controllers/articles_controller.rb:25: syntax error, unexpected end-of-input, expecting keyword_end
  Rendering /Users/Paco_Sinbad/.rvm/gems/ruby-2.3.0/gems/actionpack-5.0.4/lib/action_dispatch/middleware/templates/rescues/diagnostics.html.erb within rescues/layout
  Rendering /Users/Paco_Sinbad/.rvm/gems/ruby-2.3.0/gems/actionpack-5.0.4/lib/action_dispatch/middleware/templates/rescues/_source.html.erb
  Rendered /Users/Paco_Sinbad/.rvm/gems/ruby-2.3.0/gems/actionpack-5.0.4/lib/action_dispatch/middleware/templates/rescues/_source.html.erb (3.1ms)
  Rendering /Users/Paco_Sinbad/.rvm/gems/ruby-2.3.0/gems/actionpack-5.0.4/lib/action_dispatch/middleware/templates/rescues/_trace.html.erb
  Rendered /Users/Paco_Sinbad/.rvm/gems/ruby-2.3.0/gems/actionpack-5.0.4/lib/action_dispatch/middleware/templates/rescues/_trace.html.erb (1.5ms)
  Rendering /Users/Paco_Sinbad/.rvm/gems/ruby-2.3.0/gems/actionpack-5.0.4/lib/action_dispatch/middleware/templates/rescues/_request_and_response.html.erb
  Rendered /Users/Paco_Sinbad/.rvm/gems/ruby-2.3.0/gems/actionpack-5.0.4/lib/action_dispatch/middleware/templates/rescues/_request_and_response.html.erb (11.3ms)
  Rendered /Users/Paco_Sinbad/.rvm/gems/ruby-2.3.0/gems/actionpack-5.0.4/lib/action_dispatch/middleware/templates/rescues/diagnostics.html.erb within rescues/layout (60.9ms)
Started GET "/articles/new" for 127.0.0.1 at 2017-06-24 22:05:02 -0400
  
SyntaxError (/Users/Paco_Sinbad/code/rails_projects/alpha_blog/app/controllers/articles_controller.rb:25: syntax error, unexpected end-of-input, expecting keyword_end):
  
app/controllers/articles_controller.rb:25: syntax error, unexpected end-of-input, expecting keyword_end
  Rendering /Users/Paco_Sinbad/.rvm/gems/ruby-2.3.0/gems/actionpack-5.0.4/lib/action_dispatch/middleware/templates/rescues/diagnostics.html.erb within rescues/layout
  Rendering /Users/Paco_Sinbad/.rvm/gems/ruby-2.3.0/gems/actionpack-5.0.4/lib/action_dispatch/middleware/templates/rescues/_source.html.erb
  Rendered /Users/Paco_Sinbad/.rvm/gems/ruby-2.3.0/gems/actionpack-5.0.4/lib/action_dispatch/middleware/templates/rescues/_source.html.erb (1.9ms)
  Rendering /Users/Paco_Sinbad/.rvm/gems/ruby-2.3.0/gems/actionpack-5.0.4/lib/action_dispatch/middleware/templates/rescues/_trace.html.erb
  Rendered /Users/Paco_Sinbad/.rvm/gems/ruby-2.3.0/gems/actionpack-5.0.4/lib/action_dispatch/middleware/templates/rescues/_trace.html.erb (1.0ms)
  Rendering /Users/Paco_Sinbad/.rvm/gems/ruby-2.3.0/gems/actionpack-5.0.4/lib/action_dispatch/middleware/templates/rescues/_request_and_response.html.erb
  Rendered /Users/Paco_Sinbad/.rvm/gems/ruby-2.3.0/gems/actionpack-5.0.4/lib/action_dispatch/middleware/templates/rescues/_request_and_response.html.erb (0.8ms)
  Rendered /Users/Paco_Sinbad/.rvm/gems/ruby-2.3.0/gems/actionpack-5.0.4/lib/action_dispatch/middleware/templates/rescues/diagnostics.html.erb within rescues/layout (39.9ms)
Started GET "/articles/new" for 127.0.0.1 at 2017-06-24 22:05:31 -0400
  
Started GET "/articles/new" for 127.0.0.1 at 2017-06-24 22:05:41 -0400
SyntaxError (/Users/Paco_Sinbad/code/rails_projects/alpha_blog/app/controllers/articles_controller.rb:27: syntax error, unexpected end-of-input, expecting keyword_end):
  
app/controllers/articles_controller.rb:27: syntax error, unexpected end-of-input, expecting keyword_end
  Rendering /Users/Paco_Sinbad/.rvm/gems/ruby-2.3.0/gems/actionpack-5.0.4/lib/action_dispatch/middleware/templates/rescues/diagnostics.html.erb within rescues/layout
  Rendering /Users/Paco_Sinbad/.rvm/gems/ruby-2.3.0/gems/actionpack-5.0.4/lib/action_dispatch/middleware/templates/rescues/_source.html.erb
  Rendered /Users/Paco_Sinbad/.rvm/gems/ruby-2.3.0/gems/actionpack-5.0.4/lib/action_dispatch/middleware/templates/rescues/_source.html.erb (1.9ms)
  Rendering /Users/Paco_Sinbad/.rvm/gems/ruby-2.3.0/gems/actionpack-5.0.4/lib/action_dispatch/middleware/templates/rescues/_trace.html.erb
  Rendered /Users/Paco_Sinbad/.rvm/gems/ruby-2.3.0/gems/actionpack-5.0.4/lib/action_dispatch/middleware/templates/rescues/_trace.html.erb (1.1ms)
  Rendering /Users/Paco_Sinbad/.rvm/gems/ruby-2.3.0/gems/actionpack-5.0.4/lib/action_dispatch/middleware/templates/rescues/_request_and_response.html.erb
  Rendered /Users/Paco_Sinbad/.rvm/gems/ruby-2.3.0/gems/actionpack-5.0.4/lib/action_dispatch/middleware/templates/rescues/_request_and_response.html.erb (0.9ms)
  Rendered /Users/Paco_Sinbad/.rvm/gems/ruby-2.3.0/gems/actionpack-5.0.4/lib/action_dispatch/middleware/templates/rescues/diagnostics.html.erb within rescues/layout (43.1ms)
  
SyntaxError (/Users/Paco_Sinbad/code/rails_projects/alpha_blog/app/controllers/articles_controller.rb:27: syntax error, unexpected end-of-input, expecting keyword_end):
  
app/controllers/articles_controller.rb:27: syntax error, unexpected end-of-input, expecting keyword_end
  Rendering /Users/Paco_Sinbad/.rvm/gems/ruby-2.3.0/gems/actionpack-5.0.4/lib/action_dispatch/middleware/templates/rescues/diagnostics.html.erb within rescues/layout
  Rendering /Users/Paco_Sinbad/.rvm/gems/ruby-2.3.0/gems/actionpack-5.0.4/lib/action_dispatch/middleware/templates/rescues/_source.html.erb
  Rendered /Users/Paco_Sinbad/.rvm/gems/ruby-2.3.0/gems/actionpack-5.0.4/lib/action_dispatch/middleware/templates/rescues/_source.html.erb (2.0ms)
  Rendering /Users/Paco_Sinbad/.rvm/gems/ruby-2.3.0/gems/actionpack-5.0.4/lib/action_dispatch/middleware/templates/rescues/_trace.html.erb
  Rendered /Users/Paco_Sinbad/.rvm/gems/ruby-2.3.0/gems/actionpack-5.0.4/lib/action_dispatch/middleware/templates/rescues/_trace.html.erb (1.1ms)
  Rendering /Users/Paco_Sinbad/.rvm/gems/ruby-2.3.0/gems/actionpack-5.0.4/lib/action_dispatch/middleware/templates/rescues/_request_and_response.html.erb
  Rendered /Users/Paco_Sinbad/.rvm/gems/ruby-2.3.0/gems/actionpack-5.0.4/lib/action_dispatch/middleware/templates/rescues/_request_and_response.html.erb (0.8ms)
  Rendered /Users/Paco_Sinbad/.rvm/gems/ruby-2.3.0/gems/actionpack-5.0.4/lib/action_dispatch/middleware/templates/rescues/diagnostics.html.erb within rescues/layout (44.0ms)
Started GET "/articles/new" for 127.0.0.1 at 2017-06-24 22:05:49 -0400
Processing by ArticlesController#new as HTML
  Rendering articles/new.html.erb within layouts/application
  Rendered articles/new.html.erb within layouts/application (23.3ms)
Completed 200 OK in 178ms (Views: 171.8ms | ActiveRecord: 0.5ms)


Started POST "/articles" for 127.0.0.1 at 2017-06-24 22:06:07 -0400
Processing by ArticlesController#create as HTML
  Parameters: {"utf8"=>"✓", "authenticity_token"=>"Ne7PcceQVYAgLG4EEvxYA8yeESSs3tk/D7+oeOxkFSNxlFpO577t6TFWWd5WHYJZUAr+F9TMtmHd1aOZeySiUQ==", "article"=>{"title"=>"Open this fucking pit", "description"=>"Open it up right fucking now"}, "commit"=>"Create Article"}
Completed 500 Internal Server Error in 93ms (ActiveRecord: 0.0ms)


  
NameError (undefined local variable or method `article_params' for #<ArticlesController:0x007fbb9c43e018>
Did you mean?  article_path):
  
app/controllers/articles_controller.rb:12:in `create'
  Rendering /Users/Paco_Sinbad/.rvm/gems/ruby-2.3.0/gems/actionpack-5.0.4/lib/action_dispatch/middleware/templates/rescues/diagnostics.html.erb within rescues/layout
  Rendering /Users/Paco_Sinbad/.rvm/gems/ruby-2.3.0/gems/actionpack-5.0.4/lib/action_dispatch/middleware/templates/rescues/_source.html.erb
  Rendered /Users/Paco_Sinbad/.rvm/gems/ruby-2.3.0/gems/actionpack-5.0.4/lib/action_dispatch/middleware/templates/rescues/_source.html.erb (3.1ms)
  Rendering /Users/Paco_Sinbad/.rvm/gems/ruby-2.3.0/gems/actionpack-5.0.4/lib/action_dispatch/middleware/templates/rescues/_trace.html.erb
  Rendered /Users/Paco_Sinbad/.rvm/gems/ruby-2.3.0/gems/actionpack-5.0.4/lib/action_dispatch/middleware/templates/rescues/_trace.html.erb (2.4ms)
  Rendering /Users/Paco_Sinbad/.rvm/gems/ruby-2.3.0/gems/actionpack-5.0.4/lib/action_dispatch/middleware/templates/rescues/_request_and_response.html.erb
  Rendered /Users/Paco_Sinbad/.rvm/gems/ruby-2.3.0/gems/actionpack-5.0.4/lib/action_dispatch/middleware/templates/rescues/_request_and_response.html.erb (1.8ms)
  Rendered /Users/Paco_Sinbad/.rvm/gems/ruby-2.3.0/gems/actionpack-5.0.4/lib/action_dispatch/middleware/templates/rescues/diagnostics.html.erb within rescues/layout (89.5ms)
Started GET "/articles/new" for 127.0.0.1 at 2017-06-24 22:10:51 -0400
  
SyntaxError (/Users/Paco_Sinbad/code/rails_projects/alpha_blog/app/controllers/articles_controller.rb:30: syntax error, unexpected keyword_end, expecting end-of-input):
  
app/controllers/articles_controller.rb:30: syntax error, unexpected keyword_end, expecting end-of-input
  Rendering /Users/Paco_Sinbad/.rvm/gems/ruby-2.3.0/gems/actionpack-5.0.4/lib/action_dispatch/middleware/templates/rescues/diagnostics.html.erb within rescues/layout
  Rendering /Users/Paco_Sinbad/.rvm/gems/ruby-2.3.0/gems/actionpack-5.0.4/lib/action_dispatch/middleware/templates/rescues/_source.html.erb
  Rendered /Users/Paco_Sinbad/.rvm/gems/ruby-2.3.0/gems/actionpack-5.0.4/lib/action_dispatch/middleware/templates/rescues/_source.html.erb (1.7ms)
  Rendering /Users/Paco_Sinbad/.rvm/gems/ruby-2.3.0/gems/actionpack-5.0.4/lib/action_dispatch/middleware/templates/rescues/_trace.html.erb
  Rendered /Users/Paco_Sinbad/.rvm/gems/ruby-2.3.0/gems/actionpack-5.0.4/lib/action_dispatch/middleware/templates/rescues/_trace.html.erb (0.9ms)
  Rendering /Users/Paco_Sinbad/.rvm/gems/ruby-2.3.0/gems/actionpack-5.0.4/lib/action_dispatch/middleware/templates/rescues/_request_and_response.html.erb
  Rendered /Users/Paco_Sinbad/.rvm/gems/ruby-2.3.0/gems/actionpack-5.0.4/lib/action_dispatch/middleware/templates/rescues/_request_and_response.html.erb (0.7ms)
  Rendered /Users/Paco_Sinbad/.rvm/gems/ruby-2.3.0/gems/actionpack-5.0.4/lib/action_dispatch/middleware/templates/rescues/diagnostics.html.erb within rescues/layout (38.2ms)
Started GET "/articles/new" for 127.0.0.1 at 2017-06-24 22:11:08 -0400
Processing by ArticlesController#new as HTML
  Rendering articles/new.html.erb within layouts/application
  Rendered articles/new.html.erb within layouts/application (2.5ms)
Completed 200 OK in 21ms (Views: 15.4ms | ActiveRecord: 0.8ms)


Started POST "/articles" for 127.0.0.1 at 2017-06-24 22:11:17 -0400
Processing by ArticlesController#create as HTML
  Parameters: {"utf8"=>"✓", "authenticity_token"=>"PJj493Ya/d2J5kr8ilUdpyzoZ/Zj/7J5y1UJ9pLtfhl44m3IVjRFtJicfSbOtMf9sHyIxRvt3ScZPwIXBa3Jaw==", "article"=>{"title"=>"all the monkey", "description"=>"who has the little? we got it."}, "commit"=>"Create Article"}
  [1m[35m (0.0ms)[0m  [1m[36mbegin transaction[0m
  [1m[35mSQL (0.8ms)[0m  [1m[32mINSERT INTO "articles" ("title", "description", "created_at", "updated_at") VALUES (?, ?, ?, ?)[0m  [["title", "all the monkey"], ["description", "who has the little? we got it."], ["created_at", "2017-06-25 02:11:17.124741"], ["updated_at", "2017-06-25 02:11:17.124741"]]
  [1m[35m (0.6ms)[0m  [1m[36mcommit transaction[0m
Redirected to http://localhost:3000/articles/6
Completed 302 Found in 4ms (ActiveRecord: 1.5ms)


Started GET "/articles/6" for 127.0.0.1 at 2017-06-24 22:11:17 -0400
Processing by ArticlesController#show as HTML
  Parameters: {"id"=>"6"}
  [1m[36mArticle Load (0.1ms)[0m  [1m[34mSELECT  "articles".* FROM "articles" WHERE "articles"."id" = ? LIMIT ?[0m  [["id", 6], ["LIMIT", 1]]
  Rendering articles/show.html.erb within layouts/application
  Rendered articles/show.html.erb within layouts/application (0.5ms)
Completed 200 OK in 16ms (Views: 12.9ms | ActiveRecord: 0.1ms)


Started GET "/articles/6/edit" for 127.0.0.1 at 2017-06-24 22:11:23 -0400
Processing by ArticlesController#edit as HTML
  Parameters: {"id"=>"6"}
  Rendering articles/edit.html.erb within layouts/application
  Rendered articles/edit.html.erb within layouts/application (2.1ms)
Completed 500 Internal Server Error in 5ms (ActiveRecord: 0.0ms)


  
ActionView::Template::Error (undefined method `errors' for nil:NilClass):
    1: <h1>Edit Article</h1>
    2: 
    3: <% if @article.errors.any? %>
    4:     <h2>The following errors prevented the creation of the article</h2>
    5:     <% @article.errors.full_messages.each do |msg| %>
    6:         <ul>
  
app/views/articles/edit.html.erb:3:in `_app_views_articles_edit_html_erb__1899443911289908446_70221877461740'
  Rendering /Users/Paco_Sinbad/.rvm/gems/ruby-2.3.0/gems/actionpack-5.0.4/lib/action_dispatch/middleware/templates/rescues/template_error.html.erb within rescues/layout
  Rendering /Users/Paco_Sinbad/.rvm/gems/ruby-2.3.0/gems/actionpack-5.0.4/lib/action_dispatch/middleware/templates/rescues/_source.html.erb
  Rendered /Users/Paco_Sinbad/.rvm/gems/ruby-2.3.0/gems/actionpack-5.0.4/lib/action_dispatch/middleware/templates/rescues/_source.html.erb (9.4ms)
  Rendering /Users/Paco_Sinbad/.rvm/gems/ruby-2.3.0/gems/actionpack-5.0.4/lib/action_dispatch/middleware/templates/rescues/_trace.html.erb
  Rendered /Users/Paco_Sinbad/.rvm/gems/ruby-2.3.0/gems/actionpack-5.0.4/lib/action_dispatch/middleware/templates/rescues/_trace.html.erb (1.2ms)
  Rendering /Users/Paco_Sinbad/.rvm/gems/ruby-2.3.0/gems/actionpack-5.0.4/lib/action_dispatch/middleware/templates/rescues/_request_and_response.html.erb
  Rendered /Users/Paco_Sinbad/.rvm/gems/ruby-2.3.0/gems/actionpack-5.0.4/lib/action_dispatch/middleware/templates/rescues/_request_and_response.html.erb (0.6ms)
  Rendered /Users/Paco_Sinbad/.rvm/gems/ruby-2.3.0/gems/actionpack-5.0.4/lib/action_dispatch/middleware/templates/rescues/template_error.html.erb within rescues/layout (47.4ms)
Started GET "/articles/6/edit" for 127.0.0.1 at 2017-06-24 22:14:36 -0400
Processing by ArticlesController#edit as HTML
  Parameters: {"id"=>"6"}
  [1m[36mArticle Load (0.1ms)[0m  [1m[34mSELECT  "articles".* FROM "articles" WHERE "articles"."id" = ? LIMIT ?[0m  [["id", nil], ["LIMIT", 1]]
Completed 404 Not Found in 4ms (ActiveRecord: 0.6ms)


  
ActiveRecord::RecordNotFound (Couldn't find Article with 'id'=id):
  
app/controllers/articles_controller.rb:8:in `edit'
  Rendering /Users/Paco_Sinbad/.rvm/gems/ruby-2.3.0/gems/actionpack-5.0.4/lib/action_dispatch/middleware/templates/rescues/diagnostics.html.erb within rescues/layout
  Rendering /Users/Paco_Sinbad/.rvm/gems/ruby-2.3.0/gems/actionpack-5.0.4/lib/action_dispatch/middleware/templates/rescues/_source.html.erb
  Rendered /Users/Paco_Sinbad/.rvm/gems/ruby-2.3.0/gems/actionpack-5.0.4/lib/action_dispatch/middleware/templates/rescues/_source.html.erb (2.2ms)
  Rendering /Users/Paco_Sinbad/.rvm/gems/ruby-2.3.0/gems/actionpack-5.0.4/lib/action_dispatch/middleware/templates/rescues/_trace.html.erb
  Rendered /Users/Paco_Sinbad/.rvm/gems/ruby-2.3.0/gems/actionpack-5.0.4/lib/action_dispatch/middleware/templates/rescues/_trace.html.erb (1.5ms)
  Rendering /Users/Paco_Sinbad/.rvm/gems/ruby-2.3.0/gems/actionpack-5.0.4/lib/action_dispatch/middleware/templates/rescues/_request_and_response.html.erb
  Rendered /Users/Paco_Sinbad/.rvm/gems/ruby-2.3.0/gems/actionpack-5.0.4/lib/action_dispatch/middleware/templates/rescues/_request_and_response.html.erb (0.9ms)
  Rendered /Users/Paco_Sinbad/.rvm/gems/ruby-2.3.0/gems/actionpack-5.0.4/lib/action_dispatch/middleware/templates/rescues/diagnostics.html.erb within rescues/layout (45.5ms)
Started GET "/articles/6/edit" for 127.0.0.1 at 2017-06-24 22:14:58 -0400
Processing by ArticlesController#edit as HTML
  Parameters: {"id"=>"6"}
  [1m[36mArticle Load (0.1ms)[0m  [1m[34mSELECT  "articles".* FROM "articles" WHERE "articles"."id" = ? LIMIT ?[0m  [["id", 6], ["LIMIT", 1]]
  Rendering articles/edit.html.erb within layouts/application
  Rendered articles/edit.html.erb within layouts/application (2.4ms)
Completed 200 OK in 27ms (Views: 20.6ms | ActiveRecord: 0.5ms)


Started PATCH "/articles/6" for 127.0.0.1 at 2017-06-24 22:15:00 -0400
  
AbstractController::ActionNotFound (The action 'update' could not be found for ArticlesController):
  
actionpack (5.0.4) lib/abstract_controller/base.rb:121:in `process'
actionview (5.0.4) lib/action_view/rendering.rb:30:in `process'
actionpack (5.0.4) lib/action_controller/metal.rb:190:in `dispatch'
actionpack (5.0.4) lib/action_controller/metal.rb:262:in `dispatch'
actionpack (5.0.4) lib/action_dispatch/routing/route_set.rb:50:in `dispatch'
actionpack (5.0.4) lib/action_dispatch/routing/route_set.rb:32:in `serve'
actionpack (5.0.4) lib/action_dispatch/journey/router.rb:39:in `block in serve'
actionpack (5.0.4) lib/action_dispatch/journey/router.rb:26:in `each'
actionpack (5.0.4) lib/action_dispatch/journey/router.rb:26:in `serve'
actionpack (5.0.4) lib/action_dispatch/routing/route_set.rb:725:in `call'
rack (2.0.3) lib/rack/etag.rb:25:in `call'
rack (2.0.3) lib/rack/conditional_get.rb:38:in `call'
rack (2.0.3) lib/rack/head.rb:12:in `call'
rack (2.0.3) lib/rack/session/abstract/id.rb:232:in `context'
rack (2.0.3) lib/rack/session/abstract/id.rb:226:in `call'
actionpack (5.0.4) lib/action_dispatch/middleware/cookies.rb:613:in `call'
activerecord (5.0.4) lib/active_record/migration.rb:553:in `call'
actionpack (5.0.4) lib/action_dispatch/middleware/callbacks.rb:38:in `block in call'
activesupport (5.0.4) lib/active_support/callbacks.rb:97:in `__run_callbacks__'
activesupport (5.0.4) lib/active_support/callbacks.rb:750:in `_run_call_callbacks'
activesupport (5.0.4) lib/active_support/callbacks.rb:90:in `run_callbacks'
actionpack (5.0.4) lib/action_dispatch/middleware/callbacks.rb:36:in `call'
actionpack (5.0.4) lib/action_dispatch/middleware/executor.rb:12:in `call'
actionpack (5.0.4) lib/action_dispatch/middleware/remote_ip.rb:79:in `call'
actionpack (5.0.4) lib/action_dispatch/middleware/debug_exceptions.rb:49:in `call'
web-console (3.5.1) lib/web_console/middleware.rb:135:in `call_app'
web-console (3.5.1) lib/web_console/middleware.rb:28:in `block in call'
web-console (3.5.1) lib/web_console/middleware.rb:18:in `catch'
web-console (3.5.1) lib/web_console/middleware.rb:18:in `call'
actionpack (5.0.4) lib/action_dispatch/middleware/show_exceptions.rb:31:in `call'
railties (5.0.4) lib/rails/rack/logger.rb:36:in `call_app'
railties (5.0.4) lib/rails/rack/logger.rb:24:in `block in call'
activesupport (5.0.4) lib/active_support/tagged_logging.rb:69:in `block in tagged'
activesupport (5.0.4) lib/active_support/tagged_logging.rb:26:in `tagged'
activesupport (5.0.4) lib/active_support/tagged_logging.rb:69:in `tagged'
railties (5.0.4) lib/rails/rack/logger.rb:24:in `call'
sprockets-rails (3.2.0) lib/sprockets/rails/quiet_assets.rb:13:in `call'
actionpack (5.0.4) lib/action_dispatch/middleware/request_id.rb:24:in `call'
rack (2.0.3) lib/rack/method_override.rb:22:in `call'
rack (2.0.3) lib/rack/runtime.rb:22:in `call'
activesupport (5.0.4) lib/active_support/cache/strategy/local_cache_middleware.rb:28:in `call'
actionpack (5.0.4) lib/action_dispatch/middleware/executor.rb:12:in `call'
actionpack (5.0.4) lib/action_dispatch/middleware/static.rb:136:in `call'
rack (2.0.3) lib/rack/sendfile.rb:111:in `call'
railties (5.0.4) lib/rails/engine.rb:522:in `call'
puma (3.9.1) lib/puma/configuration.rb:224:in `call'
puma (3.9.1) lib/puma/server.rb:602:in `handle_request'
puma (3.9.1) lib/puma/server.rb:435:in `process_client'
puma (3.9.1) lib/puma/server.rb:299:in `block in run'
puma (3.9.1) lib/puma/thread_pool.rb:120:in `block in spawn_thread'
  Rendering /Users/Paco_Sinbad/.rvm/gems/ruby-2.3.0/gems/actionpack-5.0.4/lib/action_dispatch/middleware/templates/rescues/unknown_action.html.erb within rescues/layout
  Rendered /Users/Paco_Sinbad/.rvm/gems/ruby-2.3.0/gems/actionpack-5.0.4/lib/action_dispatch/middleware/templates/rescues/unknown_action.html.erb within rescues/layout (0.4ms)
Started PATCH "/articles/6" for 127.0.0.1 at 2017-06-24 22:16:04 -0400
Processing by ArticlesController#update as HTML
  Parameters: {"utf8"=>"✓", "authenticity_token"=>"Vr+aNEAcYj2HWirRPMoowTJ/noiDMLlM2EtxCBsyNJESxQ8LYDLaVJYgHQt4K/Kbrutxu/si1hIKIXrpjHKD4w==", "article"=>{"title"=>"all the monkey", "description"=>"who has the little? we got it.ss"}, "commit"=>"Update Article", "id"=>"6"}
  [1m[36mArticle Load (0.1ms)[0m  [1m[34mSELECT  "articles".* FROM "articles" WHERE "articles"."id" = ? LIMIT ?[0m  [["id", 6], ["LIMIT", 1]]
  [1m[35m (0.0ms)[0m  [1m[36mbegin transaction[0m
  [1m[35m (0.0ms)[0m  [1m[36mcommit transaction[0m
Redirected to http://localhost:3000/articles/6
Completed 302 Found in 6ms (ActiveRecord: 0.5ms)


Started GET "/articles/6" for 127.0.0.1 at 2017-06-24 22:16:04 -0400
Processing by ArticlesController#show as HTML
  Parameters: {"id"=>"6"}
  [1m[36mArticle Load (0.1ms)[0m  [1m[34mSELECT  "articles".* FROM "articles" WHERE "articles"."id" = ? LIMIT ?[0m  [["id", 6], ["LIMIT", 1]]
  Rendering articles/show.html.erb within layouts/application
  Rendered articles/show.html.erb within layouts/application (0.3ms)
Completed 200 OK in 13ms (Views: 11.3ms | ActiveRecord: 0.1ms)


Started GET "/articles/6" for 127.0.0.1 at 2017-06-24 22:16:08 -0400
Processing by ArticlesController#show as HTML
  Parameters: {"id"=>"6"}
  [1m[36mArticle Load (0.1ms)[0m  [1m[34mSELECT  "articles".* FROM "articles" WHERE "articles"."id" = ? LIMIT ?[0m  [["id", 6], ["LIMIT", 1]]
  Rendering articles/show.html.erb within layouts/application
  Rendered articles/show.html.erb within layouts/application (0.3ms)
Completed 200 OK in 13ms (Views: 11.0ms | ActiveRecord: 0.1ms)


Started GET "/articles/6/edit" for 127.0.0.1 at 2017-06-24 22:16:11 -0400
Processing by ArticlesController#edit as HTML
  Parameters: {"id"=>"6"}
  [1m[36mArticle Load (0.1ms)[0m  [1m[34mSELECT  "articles".* FROM "articles" WHERE "articles"."id" = ? LIMIT ?[0m  [["id", 6], ["LIMIT", 1]]
  Rendering articles/edit.html.erb within layouts/application
  Rendered articles/edit.html.erb within layouts/application (1.8ms)
Completed 200 OK in 15ms (Views: 13.6ms | ActiveRecord: 0.1ms)


Started PATCH "/articles/6" for 127.0.0.1 at 2017-06-24 22:16:14 -0400
Processing by ArticlesController#update as HTML
  Parameters: {"utf8"=>"✓", "authenticity_token"=>"0mSQfbyPRCQRc94LqMWtaT46n+6RG73rAatThxPXRq+WHgVCnKH8TQAJ6dHsJHczoq5w3ekJ0rXTwVhmhJfx3Q==", "article"=>{"title"=>"all the monkey", "description"=>"who has the little? we got it.sfs"}, "commit"=>"Update Article", "id"=>"6"}
  [1m[36mArticle Load (0.1ms)[0m  [1m[34mSELECT  "articles".* FROM "articles" WHERE "articles"."id" = ? LIMIT ?[0m  [["id", 6], ["LIMIT", 1]]
  [1m[35m (0.1ms)[0m  [1m[36mbegin transaction[0m
  [1m[35m (0.0ms)[0m  [1m[36mcommit transaction[0m
Redirected to http://localhost:3000/articles/6
Completed 302 Found in 2ms (ActiveRecord: 0.1ms)


Started GET "/articles/6" for 127.0.0.1 at 2017-06-24 22:16:14 -0400
Processing by ArticlesController#show as HTML
  Parameters: {"id"=>"6"}
  [1m[36mArticle Load (0.1ms)[0m  [1m[34mSELECT  "articles".* FROM "articles" WHERE "articles"."id" = ? LIMIT ?[0m  [["id", 6], ["LIMIT", 1]]
  Rendering articles/show.html.erb within layouts/application
  Rendered articles/show.html.erb within layouts/application (0.3ms)
Completed 200 OK in 12ms (Views: 10.9ms | ActiveRecord: 0.1ms)


Started GET "/articles/6" for 127.0.0.1 at 2017-06-24 22:17:42 -0400
Processing by ArticlesController#show as HTML
  Parameters: {"id"=>"6"}
  [1m[36mArticle Load (0.1ms)[0m  [1m[34mSELECT  "articles".* FROM "articles" WHERE "articles"."id" = ? LIMIT ?[0m  [["id", 6], ["LIMIT", 1]]
  Rendering articles/show.html.erb within layouts/application
  Rendered articles/show.html.erb within layouts/application (0.3ms)
Completed 200 OK in 17ms (Views: 11.3ms | ActiveRecord: 0.5ms)


Started GET "/articles/6/edit" for 127.0.0.1 at 2017-06-24 22:17:44 -0400
Processing by ArticlesController#edit as HTML
  Parameters: {"id"=>"6"}
  [1m[36mArticle Load (0.1ms)[0m  [1m[34mSELECT  "articles".* FROM "articles" WHERE "articles"."id" = ? LIMIT ?[0m  [["id", 6], ["LIMIT", 1]]
  Rendering articles/edit.html.erb within layouts/application
  Rendered articles/edit.html.erb within layouts/application (2.0ms)
Completed 200 OK in 14ms (Views: 12.1ms | ActiveRecord: 0.1ms)


Started PATCH "/articles/6" for 127.0.0.1 at 2017-06-24 22:17:47 -0400
Processing by ArticlesController#update as HTML
  Parameters: {"utf8"=>"✓", "authenticity_token"=>"j34t4CzGamNja/9zJirauV39gVGmv3425Ke0aR1nYjLLBLjfDOjSCnIRyKliywDjwWluYt6tEWg2zb+IiifVQA==", "article"=>{"title"=>"all the monkey", "description"=>"who has the little? we got it. poots"}, "commit"=>"Update Article", "id"=>"6"}
  [1m[36mArticle Load (0.1ms)[0m  [1m[34mSELECT  "articles".* FROM "articles" WHERE "articles"."id" = ? LIMIT ?[0m  [["id", 6], ["LIMIT", 1]]
Completed 500 Internal Server Error in 1ms (ActiveRecord: 0.1ms)


  
ArgumentError (wrong number of arguments (given 0, expected 1)):
  
app/controllers/articles_controller.rb:27:in `update'
  Rendering /Users/Paco_Sinbad/.rvm/gems/ruby-2.3.0/gems/actionpack-5.0.4/lib/action_dispatch/middleware/templates/rescues/diagnostics.html.erb within rescues/layout
  Rendering /Users/Paco_Sinbad/.rvm/gems/ruby-2.3.0/gems/actionpack-5.0.4/lib/action_dispatch/middleware/templates/rescues/_source.html.erb
  Rendered /Users/Paco_Sinbad/.rvm/gems/ruby-2.3.0/gems/actionpack-5.0.4/lib/action_dispatch/middleware/templates/rescues/_source.html.erb (2.0ms)
  Rendering /Users/Paco_Sinbad/.rvm/gems/ruby-2.3.0/gems/actionpack-5.0.4/lib/action_dispatch/middleware/templates/rescues/_trace.html.erb
  Rendered /Users/Paco_Sinbad/.rvm/gems/ruby-2.3.0/gems/actionpack-5.0.4/lib/action_dispatch/middleware/templates/rescues/_trace.html.erb (1.0ms)
  Rendering /Users/Paco_Sinbad/.rvm/gems/ruby-2.3.0/gems/actionpack-5.0.4/lib/action_dispatch/middleware/templates/rescues/_request_and_response.html.erb
  Rendered /Users/Paco_Sinbad/.rvm/gems/ruby-2.3.0/gems/actionpack-5.0.4/lib/action_dispatch/middleware/templates/rescues/_request_and_response.html.erb (0.7ms)
  Rendered /Users/Paco_Sinbad/.rvm/gems/ruby-2.3.0/gems/actionpack-5.0.4/lib/action_dispatch/middleware/templates/rescues/diagnostics.html.erb within rescues/layout (40.5ms)
Started GET "/articles/6/edit" for 127.0.0.1 at 2017-06-24 22:19:10 -0400
Processing by ArticlesController#edit as HTML
  Parameters: {"id"=>"6"}
  [1m[36mArticle Load (0.1ms)[0m  [1m[34mSELECT  "articles".* FROM "articles" WHERE "articles"."id" = ? LIMIT ?[0m  [["id", 6], ["LIMIT", 1]]
  Rendering articles/edit.html.erb within layouts/application
  Rendered articles/edit.html.erb within layouts/application (1.9ms)
Completed 200 OK in 19ms (Views: 12.6ms | ActiveRecord: 0.5ms)


Started PATCH "/articles/6" for 127.0.0.1 at 2017-06-24 22:19:14 -0400
Processing by ArticlesController#update as HTML
  Parameters: {"utf8"=>"✓", "authenticity_token"=>"uQR8N/hvheWDeiXiir2aXbKizQKvFKKXT8CX1vB0kJP9fukI2EE9jJIAEjjOXEAHLjYiMdcGzcmdqpw3ZzQn4Q==", "article"=>{"title"=>"all the monkey", "description"=>"who has the little? we got it. poots."}, "commit"=>"Update Article", "id"=>"6"}
  [1m[36mArticle Load (0.1ms)[0m  [1m[34mSELECT  "articles".* FROM "articles" WHERE "articles"."id" = ? LIMIT ?[0m  [["id", 6], ["LIMIT", 1]]
  [1m[35m (0.0ms)[0m  [1m[36mbegin transaction[0m
  [1m[35mSQL (0.3ms)[0m  [1m[33mUPDATE "articles" SET "description" = ?, "updated_at" = ? WHERE "articles"."id" = ?[0m  [["description", "who has the little? we got it. poots."], ["updated_at", "2017-06-25 02:19:14.498965"], ["id", 6]]
  [1m[35m (0.6ms)[0m  [1m[36mcommit transaction[0m
Redirected to http://localhost:3000/articles/6
Completed 302 Found in 4ms (ActiveRecord: 1.1ms)


Started GET "/articles/6" for 127.0.0.1 at 2017-06-24 22:19:14 -0400
Processing by ArticlesController#show as HTML
  Parameters: {"id"=>"6"}
  [1m[36mArticle Load (0.1ms)[0m  [1m[34mSELECT  "articles".* FROM "articles" WHERE "articles"."id" = ? LIMIT ?[0m  [["id", 6], ["LIMIT", 1]]
  Rendering articles/show.html.erb within layouts/application
  Rendered articles/show.html.erb within layouts/application (0.3ms)
Completed 200 OK in 12ms (Views: 10.7ms | ActiveRecord: 0.1ms)


Started GET "/articles/6" for 127.0.0.1 at 2017-06-24 22:19:23 -0400
Processing by ArticlesController#show as HTML
  Parameters: {"id"=>"6"}
  [1m[36mArticle Load (0.1ms)[0m  [1m[34mSELECT  "articles".* FROM "articles" WHERE "articles"."id" = ? LIMIT ?[0m  [["id", 6], ["LIMIT", 1]]
  Rendering articles/show.html.erb within layouts/application
  Rendered articles/show.html.erb within layouts/application (0.4ms)
Completed 200 OK in 12ms (Views: 10.7ms | ActiveRecord: 0.1ms)


Started GET "/articles" for 127.0.0.1 at 2017-06-24 22:24:18 -0400
Processing by ArticlesController#index as HTML
  Rendering articles/index.html.erb within layouts/application
  [1m[36mArticle Load (0.2ms)[0m  [1m[34mSELECT "articles".* FROM "articles"[0m
  Rendered articles/index.html.erb within layouts/application (3.9ms)
Completed 200 OK in 17ms (Views: 13.7ms | ActiveRecord: 0.5ms)


Started GET "/articles" for 127.0.0.1 at 2017-06-24 22:27:01 -0400
Processing by ArticlesController#index as HTML
  Rendering articles/index.html.erb within layouts/application
  [1m[36mArticle Load (0.1ms)[0m  [1m[34mSELECT "articles".* FROM "articles"[0m
  Rendered articles/index.html.erb within layouts/application (2.1ms)
Completed 500 Internal Server Error in 6ms (ActiveRecord: 0.1ms)


  
ActionView::Template::Error (No route matches {:action=>"show", :controller=>"articles"} missing required keys: [:id]):
     9:     <tr>
    10:         <td><%= article.title %></td>
    11:         <td><%= article.description %></td>
    12:         <td><%= link_to "Show article", article_path %></td>
    13:         <td><%= link_to "Edit article", edit_article_path %></td>
    14:     </tr>
    15:     <% end %>
  
app/views/articles/index.html.erb:12:in `block in _app_views_articles_index_html_erb__300790183806724630_70221878104560'
app/views/articles/index.html.erb:8:in `_app_views_articles_index_html_erb__300790183806724630_70221878104560'
  Rendering /Users/Paco_Sinbad/.rvm/gems/ruby-2.3.0/gems/actionpack-5.0.4/lib/action_dispatch/middleware/templates/rescues/template_error.html.erb within rescues/layout
  Rendering /Users/Paco_Sinbad/.rvm/gems/ruby-2.3.0/gems/actionpack-5.0.4/lib/action_dispatch/middleware/templates/rescues/_source.html.erb
  Rendered /Users/Paco_Sinbad/.rvm/gems/ruby-2.3.0/gems/actionpack-5.0.4/lib/action_dispatch/middleware/templates/rescues/_source.html.erb (2.9ms)
  Rendering /Users/Paco_Sinbad/.rvm/gems/ruby-2.3.0/gems/actionpack-5.0.4/lib/action_dispatch/middleware/templates/rescues/_trace.html.erb
  Rendered /Users/Paco_Sinbad/.rvm/gems/ruby-2.3.0/gems/actionpack-5.0.4/lib/action_dispatch/middleware/templates/rescues/_trace.html.erb (1.2ms)
  Rendering /Users/Paco_Sinbad/.rvm/gems/ruby-2.3.0/gems/actionpack-5.0.4/lib/action_dispatch/middleware/templates/rescues/_request_and_response.html.erb
  Rendered /Users/Paco_Sinbad/.rvm/gems/ruby-2.3.0/gems/actionpack-5.0.4/lib/action_dispatch/middleware/templates/rescues/_request_and_response.html.erb (0.6ms)
  Rendered /Users/Paco_Sinbad/.rvm/gems/ruby-2.3.0/gems/actionpack-5.0.4/lib/action_dispatch/middleware/templates/rescues/template_error.html.erb within rescues/layout (42.4ms)
Started GET "/articles" for 127.0.0.1 at 2017-06-24 22:27:44 -0400
Processing by ArticlesController#index as HTML
  Rendering articles/index.html.erb within layouts/application
  [1m[36mArticle Load (0.1ms)[0m  [1m[34mSELECT "articles".* FROM "articles"[0m
  Rendered articles/index.html.erb within layouts/application (2.1ms)
Completed 500 Internal Server Error in 6ms (ActiveRecord: 0.1ms)


  
ActionView::Template::Error (No route matches {:action=>"edit", :controller=>"articles"} missing required keys: [:id]):
    10:         <td><%= article.title %></td>
    11:         <td><%= article.description %></td>
    12:         <td><%= link_to "Show article", article_path(article) %></td>
    13:         <td><%= link_to "Edit article", edit_article_path %></td>
    14:     </tr>
    15:     <% end %>
    16: </table>
  
app/views/articles/index.html.erb:13:in `block in _app_views_articles_index_html_erb__300790183806724630_70221879131460'
app/views/articles/index.html.erb:8:in `_app_views_articles_index_html_erb__300790183806724630_70221879131460'
  Rendering /Users/Paco_Sinbad/.rvm/gems/ruby-2.3.0/gems/actionpack-5.0.4/lib/action_dispatch/middleware/templates/rescues/template_error.html.erb within rescues/layout
  Rendering /Users/Paco_Sinbad/.rvm/gems/ruby-2.3.0/gems/actionpack-5.0.4/lib/action_dispatch/middleware/templates/rescues/_source.html.erb
  Rendered /Users/Paco_Sinbad/.rvm/gems/ruby-2.3.0/gems/actionpack-5.0.4/lib/action_dispatch/middleware/templates/rescues/_source.html.erb (2.6ms)
  Rendering /Users/Paco_Sinbad/.rvm/gems/ruby-2.3.0/gems/actionpack-5.0.4/lib/action_dispatch/middleware/templates/rescues/_trace.html.erb
  Rendered /Users/Paco_Sinbad/.rvm/gems/ruby-2.3.0/gems/actionpack-5.0.4/lib/action_dispatch/middleware/templates/rescues/_trace.html.erb (1.1ms)
  Rendering /Users/Paco_Sinbad/.rvm/gems/ruby-2.3.0/gems/actionpack-5.0.4/lib/action_dispatch/middleware/templates/rescues/_request_and_response.html.erb
  Rendered /Users/Paco_Sinbad/.rvm/gems/ruby-2.3.0/gems/actionpack-5.0.4/lib/action_dispatch/middleware/templates/rescues/_request_and_response.html.erb (0.5ms)
  Rendered /Users/Paco_Sinbad/.rvm/gems/ruby-2.3.0/gems/actionpack-5.0.4/lib/action_dispatch/middleware/templates/rescues/template_error.html.erb within rescues/layout (38.7ms)
Started GET "/articles" for 127.0.0.1 at 2017-06-24 22:28:02 -0400
Processing by ArticlesController#index as HTML
  Rendering articles/index.html.erb within layouts/application
  [1m[36mArticle Load (0.1ms)[0m  [1m[34mSELECT "articles".* FROM "articles"[0m
  Rendered articles/index.html.erb within layouts/application (1.2ms)
Completed 200 OK in 13ms (Views: 12.1ms | ActiveRecord: 0.1ms)


Started GET "/articles/1/edit" for 127.0.0.1 at 2017-06-24 22:28:03 -0400
Processing by ArticlesController#edit as HTML
  Parameters: {"id"=>"1"}
  [1m[36mArticle Load (0.1ms)[0m  [1m[34mSELECT  "articles".* FROM "articles" WHERE "articles"."id" = ? LIMIT ?[0m  [["id", 1], ["LIMIT", 1]]
  Rendering articles/edit.html.erb within layouts/application
  Rendered articles/edit.html.erb within layouts/application (1.9ms)
Completed 200 OK in 16ms (Views: 14.1ms | ActiveRecord: 0.1ms)


Started GET "/articles/1" for 127.0.0.1 at 2017-06-24 22:28:05 -0400
Processing by ArticlesController#show as HTML
  Parameters: {"id"=>"1"}
  [1m[36mArticle Load (0.1ms)[0m  [1m[34mSELECT  "articles".* FROM "articles" WHERE "articles"."id" = ? LIMIT ?[0m  [["id", 1], ["LIMIT", 1]]
  Rendering articles/show.html.erb within layouts/application
  Rendered articles/show.html.erb within layouts/application (0.3ms)
Completed 200 OK in 17ms (Views: 14.8ms | ActiveRecord: 0.1ms)


Started GET "/articles/1/edit" for 127.0.0.1 at 2017-06-24 22:28:07 -0400
Processing by ArticlesController#edit as HTML
  Parameters: {"id"=>"1"}
  [1m[36mArticle Load (0.1ms)[0m  [1m[34mSELECT  "articles".* FROM "articles" WHERE "articles"."id" = ? LIMIT ?[0m  [["id", 1], ["LIMIT", 1]]
  Rendering articles/edit.html.erb within layouts/application
  Rendered articles/edit.html.erb within layouts/application (1.7ms)
Completed 200 OK in 18ms (Views: 15.4ms | ActiveRecord: 0.1ms)


Started PATCH "/articles/1" for 127.0.0.1 at 2017-06-24 22:28:08 -0400
Processing by ArticlesController#update as HTML
  Parameters: {"utf8"=>"✓", "authenticity_token"=>"pmA/Ydvr567M7aSHNV5t2JvhRqm/qI+h3zUMMqztJE3l5Tfu4yiYDI7cnvHMgzH5+FmA42DrrYHFjs6qsxPp4w==", "article"=>{"title"=>"This is my first article", "description"=>"This is a great description, isn't it folks?"}, "commit"=>"Update Article", "id"=>"1"}
  [1m[36mArticle Load (0.1ms)[0m  [1m[34mSELECT  "articles".* FROM "articles" WHERE "articles"."id" = ? LIMIT ?[0m  [["id", 1], ["LIMIT", 1]]
  [1m[35m (0.0ms)[0m  [1m[36mbegin transaction[0m
  [1m[35m (0.0ms)[0m  [1m[36mcommit transaction[0m
Redirected to http://localhost:3000/articles/1
Completed 302 Found in 2ms (ActiveRecord: 0.1ms)


Started GET "/articles/1" for 127.0.0.1 at 2017-06-24 22:28:08 -0400
Processing by ArticlesController#show as HTML
  Parameters: {"id"=>"1"}
  [1m[36mArticle Load (0.1ms)[0m  [1m[34mSELECT  "articles".* FROM "articles" WHERE "articles"."id" = ? LIMIT ?[0m  [["id", 1], ["LIMIT", 1]]
  Rendering articles/show.html.erb within layouts/application
  Rendered articles/show.html.erb within layouts/application (0.3ms)
Completed 200 OK in 12ms (Views: 10.2ms | ActiveRecord: 0.1ms)


Started GET "/articles/" for 127.0.0.1 at 2017-06-24 22:28:13 -0400
Processing by ArticlesController#index as HTML
  Rendering articles/index.html.erb within layouts/application
  [1m[36mArticle Load (0.1ms)[0m  [1m[34mSELECT "articles".* FROM "articles"[0m
  Rendered articles/index.html.erb within layouts/application (1.3ms)
Completed 200 OK in 13ms (Views: 12.0ms | ActiveRecord: 0.1ms)


Started GET "/articles/" for 127.0.0.1 at 2017-06-24 22:29:28 -0400
Processing by ArticlesController#index as HTML
  Rendering articles/index.html.erb within layouts/application
  [1m[36mArticle Load (0.1ms)[0m  [1m[34mSELECT "articles".* FROM "articles"[0m
  Rendered articles/index.html.erb within layouts/application (1.3ms)
Completed 200 OK in 13ms (Views: 11.5ms | ActiveRecord: 0.1ms)


Started GET "/articles/new" for 127.0.0.1 at 2017-06-24 22:29:29 -0400
Processing by ArticlesController#new as HTML
  Rendering articles/new.html.erb within layouts/application
  Rendered articles/new.html.erb within layouts/application (1.6ms)
Completed 200 OK in 17ms (Views: 14.6ms | ActiveRecord: 0.0ms)


Started GET "/articles" for 127.0.0.1 at 2017-06-24 22:29:30 -0400
Processing by ArticlesController#index as HTML
  Rendering articles/index.html.erb within layouts/application
  [1m[36mArticle Load (0.1ms)[0m  [1m[34mSELECT "articles".* FROM "articles"[0m
  Rendered articles/index.html.erb within layouts/application (1.4ms)
Completed 200 OK in 17ms (Views: 15.3ms | ActiveRecord: 0.1ms)


Started GET "/articles/new" for 127.0.0.1 at 2017-06-24 22:29:31 -0400
Processing by ArticlesController#new as HTML
  Rendering articles/new.html.erb within layouts/application
  Rendered articles/new.html.erb within layouts/application (1.7ms)
Completed 200 OK in 18ms (Views: 16.2ms | ActiveRecord: 0.0ms)


Started GET "/articles" for 127.0.0.1 at 2017-06-24 22:29:31 -0400
Processing by ArticlesController#index as HTML
  Rendering articles/index.html.erb within layouts/application
  [1m[36mArticle Load (0.2ms)[0m  [1m[34mSELECT "articles".* FROM "articles"[0m
  Rendered articles/index.html.erb within layouts/application (1.4ms)
Completed 200 OK in 15ms (Views: 13.3ms | ActiveRecord: 0.2ms)


Started GET "/articles/1/edit" for 127.0.0.1 at 2017-06-24 22:29:32 -0400
Processing by ArticlesController#edit as HTML
  Parameters: {"id"=>"1"}
  [1m[36mArticle Load (0.1ms)[0m  [1m[34mSELECT  "articles".* FROM "articles" WHERE "articles"."id" = ? LIMIT ?[0m  [["id", 1], ["LIMIT", 1]]
  Rendering articles/edit.html.erb within layouts/application
  Rendered articles/edit.html.erb within layouts/application (1.8ms)
Completed 200 OK in 16ms (Views: 14.6ms | ActiveRecord: 0.1ms)


Started GET "/articles" for 127.0.0.1 at 2017-06-24 22:29:33 -0400
Processing by ArticlesController#index as HTML
  Rendering articles/index.html.erb within layouts/application
  [1m[36mArticle Load (0.1ms)[0m  [1m[34mSELECT "articles".* FROM "articles"[0m
  Rendered articles/index.html.erb within layouts/application (1.4ms)
Completed 200 OK in 17ms (Views: 14.7ms | ActiveRecord: 0.1ms)


Started GET "/articles/1" for 127.0.0.1 at 2017-06-24 22:29:34 -0400
Processing by ArticlesController#show as HTML
  Parameters: {"id"=>"1"}
  [1m[36mArticle Load (0.1ms)[0m  [1m[34mSELECT  "articles".* FROM "articles" WHERE "articles"."id" = ? LIMIT ?[0m  [["id", 1], ["LIMIT", 1]]
  Rendering articles/show.html.erb within layouts/application
  Rendered articles/show.html.erb within layouts/application (0.5ms)
Completed 200 OK in 15ms (Views: 12.9ms | ActiveRecord: 0.1ms)


Started GET "/articles" for 127.0.0.1 at 2017-06-24 22:30:35 -0400
Processing by ArticlesController#index as HTML
  Rendering articles/index.html.erb within layouts/application
  [1m[36mArticle Load (0.2ms)[0m  [1m[34mSELECT "articles".* FROM "articles"[0m
  Rendered articles/index.html.erb within layouts/application (1.6ms)
Completed 200 OK in 13ms (Views: 11.6ms | ActiveRecord: 0.2ms)


Started GET "/articles/1/edit" for 127.0.0.1 at 2017-06-24 22:30:36 -0400
Processing by ArticlesController#edit as HTML
  Parameters: {"id"=>"1"}
  [1m[36mArticle Load (0.1ms)[0m  [1m[34mSELECT  "articles".* FROM "articles" WHERE "articles"."id" = ? LIMIT ?[0m  [["id", 1], ["LIMIT", 1]]
  Rendering articles/edit.html.erb within layouts/application
  Rendered articles/edit.html.erb within layouts/application (1.8ms)
Completed 200 OK in 16ms (Views: 14.0ms | ActiveRecord: 0.1ms)


Started PATCH "/articles/1" for 127.0.0.1 at 2017-06-24 22:30:38 -0400
Processing by ArticlesController#update as HTML
  Parameters: {"utf8"=>"✓", "authenticity_token"=>"ILRFMeN+QJRCzYE3M/8Ritwpt+sx9em4If5b7eQLBnljMU2+270/NgD8u0HKIk2rv5Fxoe62y5g7RZl1+/XL1w==", "article"=>{"title"=>"This is my first article", "description"=>"This is a great description, isn't it folks?"}, "commit"=>"Update Article", "id"=>"1"}
  [1m[36mArticle Load (0.1ms)[0m  [1m[34mSELECT  "articles".* FROM "articles" WHERE "articles"."id" = ? LIMIT ?[0m  [["id", 1], ["LIMIT", 1]]
  [1m[35m (0.0ms)[0m  [1m[36mbegin transaction[0m
  [1m[35m (0.0ms)[0m  [1m[36mcommit transaction[0m
Redirected to http://localhost:3000/articles/1
Completed 302 Found in 2ms (ActiveRecord: 0.1ms)


Started GET "/articles/1" for 127.0.0.1 at 2017-06-24 22:30:38 -0400
Processing by ArticlesController#show as HTML
  Parameters: {"id"=>"1"}
  [1m[36mArticle Load (0.1ms)[0m  [1m[34mSELECT  "articles".* FROM "articles" WHERE "articles"."id" = ? LIMIT ?[0m  [["id", 1], ["LIMIT", 1]]
  Rendering articles/show.html.erb within layouts/application
  Rendered articles/show.html.erb within layouts/application (120.6ms)
Completed 500 Internal Server Error in 124ms (ActiveRecord: 0.1ms)


  
ActionView::Template::Error (undefined local variable or method `article' for #<#<Class:0x007fbb9a8736a8>:0x007fbb9aa88330>
Did you mean?  @article):
     8:     Description: <%= @article.description %>
     9: </p>
    10: 
    11: <%= link_to "Edit of article", edit_article_path(article) %>
    12: <%= link_to "Back to all of articles", articles_path %>
  
app/views/articles/show.html.erb:11:in `_app_views_articles_show_html_erb__3520309083796301609_70221865174840'
  Rendering /Users/Paco_Sinbad/.rvm/gems/ruby-2.3.0/gems/actionpack-5.0.4/lib/action_dispatch/middleware/templates/rescues/template_error.html.erb within rescues/layout
  Rendering /Users/Paco_Sinbad/.rvm/gems/ruby-2.3.0/gems/actionpack-5.0.4/lib/action_dispatch/middleware/templates/rescues/_source.html.erb
  Rendered /Users/Paco_Sinbad/.rvm/gems/ruby-2.3.0/gems/actionpack-5.0.4/lib/action_dispatch/middleware/templates/rescues/_source.html.erb (2.9ms)
  Rendering /Users/Paco_Sinbad/.rvm/gems/ruby-2.3.0/gems/actionpack-5.0.4/lib/action_dispatch/middleware/templates/rescues/_trace.html.erb
  Rendered /Users/Paco_Sinbad/.rvm/gems/ruby-2.3.0/gems/actionpack-5.0.4/lib/action_dispatch/middleware/templates/rescues/_trace.html.erb (1.3ms)
  Rendering /Users/Paco_Sinbad/.rvm/gems/ruby-2.3.0/gems/actionpack-5.0.4/lib/action_dispatch/middleware/templates/rescues/_request_and_response.html.erb
  Rendered /Users/Paco_Sinbad/.rvm/gems/ruby-2.3.0/gems/actionpack-5.0.4/lib/action_dispatch/middleware/templates/rescues/_request_and_response.html.erb (0.7ms)
  Rendered /Users/Paco_Sinbad/.rvm/gems/ruby-2.3.0/gems/actionpack-5.0.4/lib/action_dispatch/middleware/templates/rescues/template_error.html.erb within rescues/layout (40.8ms)
Started GET "/articles" for 127.0.0.1 at 2017-06-24 22:30:45 -0400
Processing by ArticlesController#index as HTML
  Rendering articles/index.html.erb within layouts/application
  [1m[36mArticle Load (0.1ms)[0m  [1m[34mSELECT "articles".* FROM "articles"[0m
  Rendered articles/index.html.erb within layouts/application (1.3ms)
Completed 200 OK in 15ms (Views: 13.1ms | ActiveRecord: 0.1ms)


Started GET "/articles/1" for 127.0.0.1 at 2017-06-24 22:30:46 -0400
Processing by ArticlesController#show as HTML
  Parameters: {"id"=>"1"}
  [1m[36mArticle Load (0.1ms)[0m  [1m[34mSELECT  "articles".* FROM "articles" WHERE "articles"."id" = ? LIMIT ?[0m  [["id", 1], ["LIMIT", 1]]
  Rendering articles/show.html.erb within layouts/application
  Rendered articles/show.html.erb within layouts/application (114.4ms)
Completed 500 Internal Server Error in 119ms (ActiveRecord: 0.1ms)


  
ActionView::Template::Error (undefined local variable or method `article' for #<#<Class:0x007fbb9a8736a8>:0x007fbb98499250>
Did you mean?  @article):
     8:     Description: <%= @article.description %>
     9: </p>
    10: 
    11: <%= link_to "Edit of article", edit_article_path(article) %>
    12: <%= link_to "Back to all of articles", articles_path %>
  
app/views/articles/show.html.erb:11:in `_app_views_articles_show_html_erb__3520309083796301609_70221845304380'
  Rendering /Users/Paco_Sinbad/.rvm/gems/ruby-2.3.0/gems/actionpack-5.0.4/lib/action_dispatch/middleware/templates/rescues/template_error.html.erb within rescues/layout
  Rendering /Users/Paco_Sinbad/.rvm/gems/ruby-2.3.0/gems/actionpack-5.0.4/lib/action_dispatch/middleware/templates/rescues/_source.html.erb
  Rendered /Users/Paco_Sinbad/.rvm/gems/ruby-2.3.0/gems/actionpack-5.0.4/lib/action_dispatch/middleware/templates/rescues/_source.html.erb (2.8ms)
  Rendering /Users/Paco_Sinbad/.rvm/gems/ruby-2.3.0/gems/actionpack-5.0.4/lib/action_dispatch/middleware/templates/rescues/_trace.html.erb
  Rendered /Users/Paco_Sinbad/.rvm/gems/ruby-2.3.0/gems/actionpack-5.0.4/lib/action_dispatch/middleware/templates/rescues/_trace.html.erb (2.6ms)
  Rendering /Users/Paco_Sinbad/.rvm/gems/ruby-2.3.0/gems/actionpack-5.0.4/lib/action_dispatch/middleware/templates/rescues/_request_and_response.html.erb
  Rendered /Users/Paco_Sinbad/.rvm/gems/ruby-2.3.0/gems/actionpack-5.0.4/lib/action_dispatch/middleware/templates/rescues/_request_and_response.html.erb (0.6ms)
  Rendered /Users/Paco_Sinbad/.rvm/gems/ruby-2.3.0/gems/actionpack-5.0.4/lib/action_dispatch/middleware/templates/rescues/template_error.html.erb within rescues/layout (42.8ms)
Started GET "/articles" for 127.0.0.1 at 2017-06-24 22:30:51 -0400
Processing by ArticlesController#index as HTML
  Rendering articles/index.html.erb within layouts/application
  [1m[36mArticle Load (0.1ms)[0m  [1m[34mSELECT "articles".* FROM "articles"[0m
  Rendered articles/index.html.erb within layouts/application (1.4ms)
Completed 200 OK in 19ms (Views: 17.9ms | ActiveRecord: 0.1ms)


Started GET "/articles" for 127.0.0.1 at 2017-06-24 22:31:15 -0400
Processing by ArticlesController#index as HTML
  Rendering articles/index.html.erb within layouts/application
  [1m[36mArticle Load (0.3ms)[0m  [1m[34mSELECT "articles".* FROM "articles"[0m
  Rendered articles/index.html.erb within layouts/application (1.8ms)
Completed 200 OK in 15ms (Views: 13.4ms | ActiveRecord: 0.3ms)


Started GET "/articles/1" for 127.0.0.1 at 2017-06-24 22:31:16 -0400
Processing by ArticlesController#show as HTML
  Parameters: {"id"=>"1"}
  [1m[36mArticle Load (0.3ms)[0m  [1m[34mSELECT  "articles".* FROM "articles" WHERE "articles"."id" = ? LIMIT ?[0m  [["id", 1], ["LIMIT", 1]]
  Rendering articles/show.html.erb within layouts/application
  Rendered articles/show.html.erb within layouts/application (139.0ms)
Completed 500 Internal Server Error in 144ms (ActiveRecord: 0.3ms)


  
ActionView::Template::Error (undefined local variable or method `article' for #<#<Class:0x007fbb9a8736a8>:0x007fbb9aa6ef48>
Did you mean?  @article):
     8:     Description: <%= @article.description %>
     9: </p>
    10: 
    11: <%= link_to "Edit of article", edit_article_path(article) %>
    12: <%= link_to "Back to all of articles", article_path %>
  
app/views/articles/show.html.erb:11:in `_app_views_articles_show_html_erb__3520309083796301609_70221864362220'
  Rendering /Users/Paco_Sinbad/.rvm/gems/ruby-2.3.0/gems/actionpack-5.0.4/lib/action_dispatch/middleware/templates/rescues/template_error.html.erb within rescues/layout
  Rendering /Users/Paco_Sinbad/.rvm/gems/ruby-2.3.0/gems/actionpack-5.0.4/lib/action_dispatch/middleware/templates/rescues/_source.html.erb
  Rendered /Users/Paco_Sinbad/.rvm/gems/ruby-2.3.0/gems/actionpack-5.0.4/lib/action_dispatch/middleware/templates/rescues/_source.html.erb (2.4ms)
  Rendering /Users/Paco_Sinbad/.rvm/gems/ruby-2.3.0/gems/actionpack-5.0.4/lib/action_dispatch/middleware/templates/rescues/_trace.html.erb
  Rendered /Users/Paco_Sinbad/.rvm/gems/ruby-2.3.0/gems/actionpack-5.0.4/lib/action_dispatch/middleware/templates/rescues/_trace.html.erb (1.1ms)
  Rendering /Users/Paco_Sinbad/.rvm/gems/ruby-2.3.0/gems/actionpack-5.0.4/lib/action_dispatch/middleware/templates/rescues/_request_and_response.html.erb
  Rendered /Users/Paco_Sinbad/.rvm/gems/ruby-2.3.0/gems/actionpack-5.0.4/lib/action_dispatch/middleware/templates/rescues/_request_and_response.html.erb (0.5ms)
  Rendered /Users/Paco_Sinbad/.rvm/gems/ruby-2.3.0/gems/actionpack-5.0.4/lib/action_dispatch/middleware/templates/rescues/template_error.html.erb within rescues/layout (39.8ms)
Started GET "/articles" for 127.0.0.1 at 2017-06-24 22:31:35 -0400
Processing by ArticlesController#index as HTML
  Rendering articles/index.html.erb within layouts/application
  [1m[36mArticle Load (0.1ms)[0m  [1m[34mSELECT "articles".* FROM "articles"[0m
  Rendered articles/index.html.erb within layouts/application (1.3ms)
Completed 200 OK in 12ms (Views: 11.0ms | ActiveRecord: 0.1ms)


Started GET "/articles" for 127.0.0.1 at 2017-06-24 22:31:36 -0400
Processing by ArticlesController#index as HTML
  Rendering articles/index.html.erb within layouts/application
  [1m[36mArticle Load (0.1ms)[0m  [1m[34mSELECT "articles".* FROM "articles"[0m
  Rendered articles/index.html.erb within layouts/application (1.4ms)
Completed 200 OK in 13ms (Views: 12.0ms | ActiveRecord: 0.1ms)


Started GET "/articles/1" for 127.0.0.1 at 2017-06-24 22:31:37 -0400
Processing by ArticlesController#show as HTML
  Parameters: {"id"=>"1"}
  [1m[36mArticle Load (0.1ms)[0m  [1m[34mSELECT  "articles".* FROM "articles" WHERE "articles"."id" = ? LIMIT ?[0m  [["id", 1], ["LIMIT", 1]]
  Rendering articles/show.html.erb within layouts/application
  Rendered articles/show.html.erb within layouts/application (0.6ms)
Completed 200 OK in 17ms (Views: 14.8ms | ActiveRecord: 0.1ms)


Started GET "/articles/1/edit" for 127.0.0.1 at 2017-06-24 22:31:39 -0400
Processing by ArticlesController#edit as HTML
  Parameters: {"id"=>"1"}
  [1m[36mArticle Load (0.1ms)[0m  [1m[34mSELECT  "articles".* FROM "articles" WHERE "articles"."id" = ? LIMIT ?[0m  [["id", 1], ["LIMIT", 1]]
  Rendering articles/edit.html.erb within layouts/application
  Rendered articles/edit.html.erb within layouts/application (1.8ms)
Completed 200 OK in 17ms (Views: 14.8ms | ActiveRecord: 0.1ms)


Started GET "/articles/1" for 127.0.0.1 at 2017-06-24 22:31:50 -0400
Processing by ArticlesController#show as HTML
  Parameters: {"id"=>"1"}
  [1m[36mArticle Load (0.3ms)[0m  [1m[34mSELECT  "articles".* FROM "articles" WHERE "articles"."id" = ? LIMIT ?[0m  [["id", 1], ["LIMIT", 1]]
  Rendering articles/show.html.erb within layouts/application
  Rendered articles/show.html.erb within layouts/application (0.8ms)
Completed 500 Internal Server Error in 6ms (ActiveRecord: 0.3ms)


  
SyntaxError (/Users/Paco_Sinbad/code/rails_projects/alpha_blog/app/views/articles/show.html.erb:11: syntax error, unexpected tREGEXP_BEG, expecting keyword_do or '{' or '('
...it_article_path(@article) <br />
...                               ^
/Users/Paco_Sinbad/code/rails_projects/alpha_blog/app/views/articles/show.html.erb:11: unterminated regexp meets end of file):
  
app/views/articles/show.html.erb:11: syntax error, unexpected tREGEXP_BEG, expecting keyword_do or '{' or '('
app/views/articles/show.html.erb:11: unterminated regexp meets end of file
  Rendering /Users/Paco_Sinbad/.rvm/gems/ruby-2.3.0/gems/actionpack-5.0.4/lib/action_dispatch/middleware/templates/rescues/diagnostics.html.erb within rescues/layout
  Rendering /Users/Paco_Sinbad/.rvm/gems/ruby-2.3.0/gems/actionpack-5.0.4/lib/action_dispatch/middleware/templates/rescues/_source.html.erb
  Rendered /Users/Paco_Sinbad/.rvm/gems/ruby-2.3.0/gems/actionpack-5.0.4/lib/action_dispatch/middleware/templates/rescues/_source.html.erb (3.0ms)
  Rendering /Users/Paco_Sinbad/.rvm/gems/ruby-2.3.0/gems/actionpack-5.0.4/lib/action_dispatch/middleware/templates/rescues/_trace.html.erb
  Rendered /Users/Paco_Sinbad/.rvm/gems/ruby-2.3.0/gems/actionpack-5.0.4/lib/action_dispatch/middleware/templates/rescues/_trace.html.erb (2.0ms)
  Rendering /Users/Paco_Sinbad/.rvm/gems/ruby-2.3.0/gems/actionpack-5.0.4/lib/action_dispatch/middleware/templates/rescues/_request_and_response.html.erb
  Rendered /Users/Paco_Sinbad/.rvm/gems/ruby-2.3.0/gems/actionpack-5.0.4/lib/action_dispatch/middleware/templates/rescues/_request_and_response.html.erb (0.8ms)
  Rendered /Users/Paco_Sinbad/.rvm/gems/ruby-2.3.0/gems/actionpack-5.0.4/lib/action_dispatch/middleware/templates/rescues/diagnostics.html.erb within rescues/layout (45.4ms)
Started GET "/articles/1" for 127.0.0.1 at 2017-06-24 22:32:01 -0400
Processing by ArticlesController#show as HTML
  Parameters: {"id"=>"1"}
  [1m[36mArticle Load (0.1ms)[0m  [1m[34mSELECT  "articles".* FROM "articles" WHERE "articles"."id" = ? LIMIT ?[0m  [["id", 1], ["LIMIT", 1]]
  Rendering articles/show.html.erb within layouts/application
  Rendered articles/show.html.erb within layouts/application (0.6ms)
Completed 200 OK in 12ms (Views: 10.9ms | ActiveRecord: 0.1ms)


Started GET "/articles/1/edit" for 127.0.0.1 at 2017-06-24 22:32:02 -0400
Processing by ArticlesController#edit as HTML
  Parameters: {"id"=>"1"}
  [1m[36mArticle Load (0.1ms)[0m  [1m[34mSELECT  "articles".* FROM "articles" WHERE "articles"."id" = ? LIMIT ?[0m  [["id", 1], ["LIMIT", 1]]
  Rendering articles/edit.html.erb within layouts/application
  Rendered articles/edit.html.erb within layouts/application (1.9ms)
Completed 200 OK in 18ms (Views: 16.5ms | ActiveRecord: 0.1ms)


Started GET "/articles" for 127.0.0.1 at 2017-06-24 22:32:03 -0400
Processing by ArticlesController#index as HTML
  Rendering articles/index.html.erb within layouts/application
  [1m[36mArticle Load (0.1ms)[0m  [1m[34mSELECT "articles".* FROM "articles"[0m
  Rendered articles/index.html.erb within layouts/application (1.4ms)
Completed 200 OK in 17ms (Views: 15.5ms | ActiveRecord: 0.1ms)


Started GET "/articles/1" for 127.0.0.1 at 2017-06-24 22:32:05 -0400
Processing by ArticlesController#show as HTML
  Parameters: {"id"=>"1"}
  [1m[36mArticle Load (0.1ms)[0m  [1m[34mSELECT  "articles".* FROM "articles" WHERE "articles"."id" = ? LIMIT ?[0m  [["id", 1], ["LIMIT", 1]]
  Rendering articles/show.html.erb within layouts/application
  Rendered articles/show.html.erb within layouts/application (0.6ms)
Completed 200 OK in 16ms (Views: 14.5ms | ActiveRecord: 0.1ms)


Started GET "/articles/1" for 127.0.0.1 at 2017-06-24 22:32:05 -0400
Processing by ArticlesController#show as HTML
  Parameters: {"id"=>"1"}
  [1m[36mArticle Load (0.1ms)[0m  [1m[34mSELECT  "articles".* FROM "articles" WHERE "articles"."id" = ? LIMIT ?[0m  [["id", 1], ["LIMIT", 1]]
  Rendering articles/show.html.erb within layouts/application
  Rendered articles/show.html.erb within layouts/application (0.6ms)
Completed 200 OK in 16ms (Views: 13.9ms | ActiveRecord: 0.1ms)


Started GET "/articles/1" for 127.0.0.1 at 2017-06-24 22:32:08 -0400
Processing by ArticlesController#show as HTML
  Parameters: {"id"=>"1"}
  [1m[36mArticle Load (0.1ms)[0m  [1m[34mSELECT  "articles".* FROM "articles" WHERE "articles"."id" = ? LIMIT ?[0m  [["id", 1], ["LIMIT", 1]]
  Rendering articles/show.html.erb within layouts/application
  Rendered articles/show.html.erb within layouts/application (0.6ms)
Completed 200 OK in 17ms (Views: 14.5ms | ActiveRecord: 0.1ms)


Started GET "/articles/1" for 127.0.0.1 at 2017-06-24 22:32:08 -0400
Processing by ArticlesController#show as HTML
  Parameters: {"id"=>"1"}
  [1m[36mArticle Load (0.1ms)[0m  [1m[34mSELECT  "articles".* FROM "articles" WHERE "articles"."id" = ? LIMIT ?[0m  [["id", 1], ["LIMIT", 1]]
  Rendering articles/show.html.erb within layouts/application
  Rendered articles/show.html.erb within layouts/application (0.7ms)
Completed 200 OK in 21ms (Views: 18.9ms | ActiveRecord: 0.1ms)


Started GET "/articles/1" for 127.0.0.1 at 2017-06-24 22:32:08 -0400
Processing by ArticlesController#show as HTML
  Parameters: {"id"=>"1"}
  [1m[36mArticle Load (0.1ms)[0m  [1m[34mSELECT  "articles".* FROM "articles" WHERE "articles"."id" = ? LIMIT ?[0m  [["id", 1], ["LIMIT", 1]]
  Rendering articles/show.html.erb within layouts/application
  Rendered articles/show.html.erb within layouts/application (0.6ms)
Completed 200 OK in 15ms (Views: 13.1ms | ActiveRecord: 0.1ms)


Started GET "/articles/1" for 127.0.0.1 at 2017-06-24 22:32:08 -0400
Processing by ArticlesController#show as HTML
  Parameters: {"id"=>"1"}
  [1m[36mArticle Load (0.1ms)[0m  [1m[34mSELECT  "articles".* FROM "articles" WHERE "articles"."id" = ? LIMIT ?[0m  [["id", 1], ["LIMIT", 1]]
  Rendering articles/show.html.erb within layouts/application
  Rendered articles/show.html.erb within layouts/application (0.7ms)
Completed 200 OK in 15ms (Views: 13.4ms | ActiveRecord: 0.1ms)


Started GET "/articles/1" for 127.0.0.1 at 2017-06-24 22:32:09 -0400
Processing by ArticlesController#show as HTML
  Parameters: {"id"=>"1"}
  [1m[36mArticle Load (0.1ms)[0m  [1m[34mSELECT  "articles".* FROM "articles" WHERE "articles"."id" = ? LIMIT ?[0m  [["id", 1], ["LIMIT", 1]]
  Rendering articles/show.html.erb within layouts/application
  Rendered articles/show.html.erb within layouts/application (0.6ms)
Completed 200 OK in 15ms (Views: 13.0ms | ActiveRecord: 0.1ms)


Started GET "/articles/1" for 127.0.0.1 at 2017-06-24 22:32:09 -0400
Processing by ArticlesController#show as HTML
  Parameters: {"id"=>"1"}
  [1m[36mArticle Load (0.1ms)[0m  [1m[34mSELECT  "articles".* FROM "articles" WHERE "articles"."id" = ? LIMIT ?[0m  [["id", 1], ["LIMIT", 1]]
  Rendering articles/show.html.erb within layouts/application
  Rendered articles/show.html.erb within layouts/application (0.6ms)
Completed 200 OK in 15ms (Views: 13.1ms | ActiveRecord: 0.1ms)


Started GET "/articles/1" for 127.0.0.1 at 2017-06-24 22:32:09 -0400
Processing by ArticlesController#show as HTML
  Parameters: {"id"=>"1"}
  [1m[36mArticle Load (0.1ms)[0m  [1m[34mSELECT  "articles".* FROM "articles" WHERE "articles"."id" = ? LIMIT ?[0m  [["id", 1], ["LIMIT", 1]]
  Rendering articles/show.html.erb within layouts/application
  Rendered articles/show.html.erb within layouts/application (0.6ms)
Completed 200 OK in 15ms (Views: 13.2ms | ActiveRecord: 0.1ms)


Started GET "/articles/1" for 127.0.0.1 at 2017-06-24 22:32:09 -0400
Processing by ArticlesController#show as HTML
  Parameters: {"id"=>"1"}
  [1m[36mArticle Load (0.1ms)[0m  [1m[34mSELECT  "articles".* FROM "articles" WHERE "articles"."id" = ? LIMIT ?[0m  [["id", 1], ["LIMIT", 1]]
  Rendering articles/show.html.erb within layouts/application
  Rendered articles/show.html.erb within layouts/application (0.6ms)
Completed 200 OK in 15ms (Views: 12.9ms | ActiveRecord: 0.1ms)


Started GET "/articles/1" for 127.0.0.1 at 2017-06-24 22:32:09 -0400
Processing by ArticlesController#show as HTML
  Parameters: {"id"=>"1"}
  [1m[36mArticle Load (0.1ms)[0m  [1m[34mSELECT  "articles".* FROM "articles" WHERE "articles"."id" = ? LIMIT ?[0m  [["id", 1], ["LIMIT", 1]]
  Rendering articles/show.html.erb within layouts/application
  Rendered articles/show.html.erb within layouts/application (0.7ms)
Completed 200 OK in 15ms (Views: 13.1ms | ActiveRecord: 0.1ms)


Started GET "/articles/1" for 127.0.0.1 at 2017-06-24 22:32:10 -0400
Processing by ArticlesController#show as HTML
  Parameters: {"id"=>"1"}
  [1m[36mArticle Load (0.1ms)[0m  [1m[34mSELECT  "articles".* FROM "articles" WHERE "articles"."id" = ? LIMIT ?[0m  [["id", 1], ["LIMIT", 1]]
  Rendering articles/show.html.erb within layouts/application
  Rendered articles/show.html.erb within layouts/application (0.7ms)
Completed 200 OK in 16ms (Views: 13.9ms | ActiveRecord: 0.1ms)


Started GET "/articles/1" for 127.0.0.1 at 2017-06-24 22:32:10 -0400
Processing by ArticlesController#show as HTML
  Parameters: {"id"=>"1"}
  [1m[36mArticle Load (0.1ms)[0m  [1m[34mSELECT  "articles".* FROM "articles" WHERE "articles"."id" = ? LIMIT ?[0m  [["id", 1], ["LIMIT", 1]]
  Rendering articles/show.html.erb within layouts/application
  Rendered articles/show.html.erb within layouts/application (0.7ms)
Completed 200 OK in 15ms (Views: 12.9ms | ActiveRecord: 0.1ms)


Started GET "/articles/1" for 127.0.0.1 at 2017-06-24 22:32:10 -0400
Processing by ArticlesController#show as HTML
  Parameters: {"id"=>"1"}
  [1m[36mArticle Load (0.1ms)[0m  [1m[34mSELECT  "articles".* FROM "articles" WHERE "articles"."id" = ? LIMIT ?[0m  [["id", 1], ["LIMIT", 1]]
  Rendering articles/show.html.erb within layouts/application
  Rendered articles/show.html.erb within layouts/application (0.7ms)
Completed 200 OK in 16ms (Views: 13.9ms | ActiveRecord: 0.1ms)


Started GET "/articles/1" for 127.0.0.1 at 2017-06-24 22:32:17 -0400
Processing by ArticlesController#show as HTML
  Parameters: {"id"=>"1"}
  [1m[36mArticle Load (0.1ms)[0m  [1m[34mSELECT  "articles".* FROM "articles" WHERE "articles"."id" = ? LIMIT ?[0m  [["id", 1], ["LIMIT", 1]]
  Rendering articles/show.html.erb within layouts/application
  Rendered articles/show.html.erb within layouts/application (0.6ms)
Completed 200 OK in 14ms (Views: 12.6ms | ActiveRecord: 0.1ms)


Started GET "/articles" for 127.0.0.1 at 2017-06-24 22:32:18 -0400
Processing by ArticlesController#index as HTML
  Rendering articles/index.html.erb within layouts/application
  [1m[36mArticle Load (0.1ms)[0m  [1m[34mSELECT "articles".* FROM "articles"[0m
  Rendered articles/index.html.erb within layouts/application (2.1ms)
Completed 200 OK in 23ms (Views: 21.4ms | ActiveRecord: 0.1ms)


Started GET "/articles/1/edit" for 127.0.0.1 at 2017-06-24 22:32:20 -0400
Processing by ArticlesController#edit as HTML
  Parameters: {"id"=>"1"}
  [1m[36mArticle Load (0.1ms)[0m  [1m[34mSELECT  "articles".* FROM "articles" WHERE "articles"."id" = ? LIMIT ?[0m  [["id", 1], ["LIMIT", 1]]
  Rendering articles/edit.html.erb within layouts/application
  Rendered articles/edit.html.erb within layouts/application (1.6ms)
Completed 200 OK in 16ms (Views: 14.5ms | ActiveRecord: 0.1ms)


Started GET "/articles" for 127.0.0.1 at 2017-06-24 22:32:21 -0400
Processing by ArticlesController#index as HTML
  Rendering articles/index.html.erb within layouts/application
  [1m[36mArticle Load (0.1ms)[0m  [1m[34mSELECT "articles".* FROM "articles"[0m
  Rendered articles/index.html.erb within layouts/application (1.4ms)
Completed 200 OK in 16ms (Views: 14.2ms | ActiveRecord: 0.1ms)


Started GET "/articles/1" for 127.0.0.1 at 2017-06-24 22:32:22 -0400
Processing by ArticlesController#show as HTML
  Parameters: {"id"=>"1"}
  [1m[36mArticle Load (0.1ms)[0m  [1m[34mSELECT  "articles".* FROM "articles" WHERE "articles"."id" = ? LIMIT ?[0m  [["id", 1], ["LIMIT", 1]]
  Rendering articles/show.html.erb within layouts/application
  Rendered articles/show.html.erb within layouts/application (0.6ms)
Completed 200 OK in 15ms (Views: 13.4ms | ActiveRecord: 0.1ms)


Started GET "/articles/1/edit" for 127.0.0.1 at 2017-06-24 22:32:23 -0400
Processing by ArticlesController#edit as HTML
  Parameters: {"id"=>"1"}
  [1m[36mArticle Load (0.1ms)[0m  [1m[34mSELECT  "articles".* FROM "articles" WHERE "articles"."id" = ? LIMIT ?[0m  [["id", 1], ["LIMIT", 1]]
  Rendering articles/edit.html.erb within layouts/application
  Rendered articles/edit.html.erb within layouts/application (1.7ms)
Completed 200 OK in 16ms (Views: 13.3ms | ActiveRecord: 0.1ms)


Started GET "/articles" for 127.0.0.1 at 2017-06-24 22:32:25 -0400
Processing by ArticlesController#index as HTML
  Rendering articles/index.html.erb within layouts/application
  [1m[36mArticle Load (0.1ms)[0m  [1m[34mSELECT "articles".* FROM "articles"[0m
  Rendered articles/index.html.erb within layouts/application (1.6ms)
Completed 200 OK in 18ms (Views: 15.6ms | ActiveRecord: 0.1ms)


Started GET "/articles/1" for 127.0.0.1 at 2017-06-24 22:32:26 -0400
Processing by ArticlesController#show as HTML
  Parameters: {"id"=>"1"}
  [1m[36mArticle Load (0.1ms)[0m  [1m[34mSELECT  "articles".* FROM "articles" WHERE "articles"."id" = ? LIMIT ?[0m  [["id", 1], ["LIMIT", 1]]
  Rendering articles/show.html.erb within layouts/application
  Rendered articles/show.html.erb within layouts/application (0.5ms)
Completed 200 OK in 15ms (Views: 13.0ms | ActiveRecord: 0.1ms)


Started GET "/articles" for 127.0.0.1 at 2017-06-24 22:32:26 -0400
Processing by ArticlesController#index as HTML
  Rendering articles/index.html.erb within layouts/application
  [1m[36mArticle Load (0.1ms)[0m  [1m[34mSELECT "articles".* FROM "articles"[0m
  Rendered articles/index.html.erb within layouts/application (1.4ms)
Completed 200 OK in 17ms (Views: 15.4ms | ActiveRecord: 0.1ms)


Started GET "/articles/new" for 127.0.0.1 at 2017-06-24 22:32:28 -0400
Processing by ArticlesController#new as HTML
  Rendering articles/new.html.erb within layouts/application
  Rendered articles/new.html.erb within layouts/application (1.6ms)
Completed 200 OK in 16ms (Views: 14.6ms | ActiveRecord: 0.0ms)


Started GET "/articles" for 127.0.0.1 at 2017-06-24 22:32:29 -0400
Processing by ArticlesController#index as HTML
  Rendering articles/index.html.erb within layouts/application
  [1m[36mArticle Load (0.1ms)[0m  [1m[34mSELECT "articles".* FROM "articles"[0m
  Rendered articles/index.html.erb within layouts/application (1.4ms)
Completed 200 OK in 18ms (Views: 16.2ms | ActiveRecord: 0.1ms)


Started GET "/articles/1" for 127.0.0.1 at 2017-06-24 22:33:29 -0400
Processing by ArticlesController#show as HTML
  Parameters: {"id"=>"1"}
  [1m[36mArticle Load (0.1ms)[0m  [1m[34mSELECT  "articles".* FROM "articles" WHERE "articles"."id" = ? LIMIT ?[0m  [["id", 1], ["LIMIT", 1]]
  Rendering articles/show.html.erb within layouts/application
  Rendered articles/show.html.erb within layouts/application (0.6ms)
Completed 200 OK in 17ms (Views: 14.3ms | ActiveRecord: 0.1ms)


Started GET "/articles/1/edit" for 127.0.0.1 at 2017-06-24 22:33:31 -0400
Processing by ArticlesController#edit as HTML
  Parameters: {"id"=>"1"}
  [1m[36mArticle Load (0.1ms)[0m  [1m[34mSELECT  "articles".* FROM "articles" WHERE "articles"."id" = ? LIMIT ?[0m  [["id", 1], ["LIMIT", 1]]
  Rendering articles/edit.html.erb within layouts/application
  Rendered articles/edit.html.erb within layouts/application (1.7ms)
Completed 200 OK in 18ms (Views: 16.1ms | ActiveRecord: 0.1ms)


Started GET "/articles" for 127.0.0.1 at 2017-06-24 22:33:33 -0400
Processing by ArticlesController#index as HTML
  Rendering articles/index.html.erb within layouts/application
  [1m[36mArticle Load (0.1ms)[0m  [1m[34mSELECT "articles".* FROM "articles"[0m
  Rendered articles/index.html.erb within layouts/application (1.5ms)
Completed 200 OK in 23ms (Views: 20.9ms | ActiveRecord: 0.1ms)


Started GET "/articles/1" for 127.0.0.1 at 2017-06-24 22:33:34 -0400
Processing by ArticlesController#show as HTML
  Parameters: {"id"=>"1"}
  [1m[36mArticle Load (0.1ms)[0m  [1m[34mSELECT  "articles".* FROM "articles" WHERE "articles"."id" = ? LIMIT ?[0m  [["id", 1], ["LIMIT", 1]]
  Rendering articles/show.html.erb within layouts/application
  Rendered articles/show.html.erb within layouts/application (0.5ms)
Completed 200 OK in 16ms (Views: 14.1ms | ActiveRecord: 0.1ms)


Started GET "/articles" for 127.0.0.1 at 2017-06-24 22:33:35 -0400
Processing by ArticlesController#index as HTML
  Rendering articles/index.html.erb within layouts/application
  [1m[36mArticle Load (0.1ms)[0m  [1m[34mSELECT "articles".* FROM "articles"[0m
  Rendered articles/index.html.erb within layouts/application (1.4ms)
Completed 200 OK in 17ms (Views: 15.1ms | ActiveRecord: 0.1ms)


